2023-02-22T17:01:11.564332Z TRACE ThreadId(01) version: 0.10.0-a16
2023-02-22T17:01:11.564381Z TRACE ThreadId(01) platform: windows
2023-02-22T17:01:11.564769Z TRACE ThreadId(01) checking for version macro in "addons/main/script_version.hpp"
2023-02-22T17:01:11.567839Z  INFO ThreadId(01) Config loaded for Synixe 5.0.0-1a415512
2023-02-22T17:01:11.567860Z TRACE ThreadId(01) using temporary folder: "C:\\Users\\Brett\\AppData\\Local\\Temp\\hemtt\\arma_Synixe Contractors_synixe_tweaks"
2023-02-22T17:01:11.567866Z TRACE ThreadId(01) using project folder: "P:\\arma\\Synixe Contractors\\synixe_tweaks"
2023-02-22T17:01:11.567872Z TRACE ThreadId(01) using out folder: "P:\\arma\\Synixe Contractors\\synixe_tweaks\\.hemttout"
2023-02-22T17:01:11.567910Z TRACE ThreadId(01) using build folder: "P:\\arma\\Synixe Contractors\\synixe_tweaks\\.hemttout\\release"
2023-02-22T17:01:11.572575Z TRACE ThreadId(01) vfs overlay at root: "C:\\Users\\Brett\\AppData\\Local\\Temp\\hemtt\\arma_Synixe Contractors_synixe_tweaks\\output"
2023-02-22T17:01:11.572594Z TRACE ThreadId(01) vfs root: "P:\\arma\\Synixe Contractors\\synixe_tweaks"
2023-02-22T17:01:11.573705Z  INFO ThreadId(01) Creating `build` version
2023-02-22T17:01:11.573719Z TRACE ThreadId(01) phase: init (start)
2023-02-22T17:01:11.577691Z TRACE ThreadId(01) link "C:\\Users\\Brett\\AppData\\Local\\Temp\\hemtt\\arma_Synixe Contractors_synixe_tweaks\\source\\x\\synixe\\addons\\ace_ballistics" => "P:\\arma\\Synixe Contractors\\synixe_tweaks\\addons\\ace_ballistics"
2023-02-22T17:01:11.690630Z TRACE ThreadId(01) link "C:\\Users\\Brett\\AppData\\Local\\Temp\\hemtt\\arma_Synixe Contractors_synixe_tweaks\\source\\x\\synixe\\addons\\ace_hearing" => "P:\\arma\\Synixe Contractors\\synixe_tweaks\\addons\\ace_hearing"
2023-02-22T17:01:11.809817Z TRACE ThreadId(01) link "C:\\Users\\Brett\\AppData\\Local\\Temp\\hemtt\\arma_Synixe Contractors_synixe_tweaks\\source\\x\\synixe\\addons\\acre" => "P:\\arma\\Synixe Contractors\\synixe_tweaks\\addons\\acre"
2023-02-22T17:01:11.918148Z TRACE ThreadId(01) link "C:\\Users\\Brett\\AppData\\Local\\Temp\\hemtt\\arma_Synixe Contractors_synixe_tweaks\\source\\x\\synixe\\addons\\arsenal" => "P:\\arma\\Synixe Contractors\\synixe_tweaks\\addons\\arsenal"
2023-02-22T17:01:12.026502Z TRACE ThreadId(01) link "C:\\Users\\Brett\\AppData\\Local\\Temp\\hemtt\\arma_Synixe Contractors_synixe_tweaks\\source\\x\\synixe\\addons\\axe" => "P:\\arma\\Synixe Contractors\\synixe_tweaks\\addons\\axe"
2023-02-22T17:01:12.136080Z TRACE ThreadId(01) link "C:\\Users\\Brett\\AppData\\Local\\Temp\\hemtt\\arma_Synixe Contractors_synixe_tweaks\\source\\x\\synixe\\addons\\base" => "P:\\arma\\Synixe Contractors\\synixe_tweaks\\addons\\base"
2023-02-22T17:01:12.256705Z TRACE ThreadId(01) link "C:\\Users\\Brett\\AppData\\Local\\Temp\\hemtt\\arma_Synixe Contractors_synixe_tweaks\\source\\x\\synixe\\addons\\bodybag" => "P:\\arma\\Synixe Contractors\\synixe_tweaks\\addons\\bodybag"
2023-02-22T17:01:12.365332Z TRACE ThreadId(01) link "C:\\Users\\Brett\\AppData\\Local\\Temp\\hemtt\\arma_Synixe Contractors_synixe_tweaks\\source\\x\\synixe\\addons\\camshake" => "P:\\arma\\Synixe Contractors\\synixe_tweaks\\addons\\camshake"
2023-02-22T17:01:12.473301Z TRACE ThreadId(01) link "C:\\Users\\Brett\\AppData\\Local\\Temp\\hemtt\\arma_Synixe Contractors_synixe_tweaks\\source\\x\\synixe\\addons\\common" => "P:\\arma\\Synixe Contractors\\synixe_tweaks\\addons\\common"
2023-02-22T17:01:12.581394Z TRACE ThreadId(01) link "C:\\Users\\Brett\\AppData\\Local\\Temp\\hemtt\\arma_Synixe Contractors_synixe_tweaks\\source\\x\\synixe\\addons\\cup_hide_duplicates" => "P:\\arma\\Synixe Contractors\\synixe_tweaks\\addons\\cup_hide_duplicates"
2023-02-22T17:01:12.704060Z TRACE ThreadId(01) link "C:\\Users\\Brett\\AppData\\Local\\Temp\\hemtt\\arma_Synixe Contractors_synixe_tweaks\\source\\x\\synixe\\addons\\cup_units_nouniformrestrictions" => "P:\\arma\\Synixe Contractors\\synixe_tweaks\\addons\\cup_units_nouniformrestrictions"
2023-02-22T17:01:12.812585Z TRACE ThreadId(01) link "C:\\Users\\Brett\\AppData\\Local\\Temp\\hemtt\\arma_Synixe Contractors_synixe_tweaks\\source\\x\\synixe\\addons\\cup_vehicles_acre_rack" => "P:\\arma\\Synixe Contractors\\synixe_tweaks\\addons\\cup_vehicles_acre_racks"
2023-02-22T17:01:12.920403Z TRACE ThreadId(01) link "C:\\Users\\Brett\\AppData\\Local\\Temp\\hemtt\\arma_Synixe Contractors_synixe_tweaks\\source\\x\\synixe\\addons\\difficulty" => "P:\\arma\\Synixe Contractors\\synixe_tweaks\\addons\\difficulty"
2023-02-22T17:01:13.029027Z TRACE ThreadId(01) link "C:\\Users\\Brett\\AppData\\Local\\Temp\\hemtt\\arma_Synixe Contractors_synixe_tweaks\\source\\x\\synixe\\addons\\fatigue" => "P:\\arma\\Synixe Contractors\\synixe_tweaks\\addons\\fatigue"
2023-02-22T17:01:13.136930Z TRACE ThreadId(01) link "C:\\Users\\Brett\\AppData\\Local\\Temp\\hemtt\\arma_Synixe Contractors_synixe_tweaks\\source\\x\\synixe\\addons\\gunner" => "P:\\arma\\Synixe Contractors\\synixe_tweaks\\addons\\gunner"
2023-02-22T17:01:13.246349Z TRACE ThreadId(01) link "C:\\Users\\Brett\\AppData\\Local\\Temp\\hemtt\\arma_Synixe Contractors_synixe_tweaks\\source\\x\\synixe\\addons\\insignia" => "P:\\arma\\Synixe Contractors\\synixe_tweaks\\addons\\insignia"
2023-02-22T17:01:13.354778Z TRACE ThreadId(01) link "C:\\Users\\Brett\\AppData\\Local\\Temp\\hemtt\\arma_Synixe Contractors_synixe_tweaks\\source\\x\\synixe\\addons\\main" => "P:\\arma\\Synixe Contractors\\synixe_tweaks\\addons\\main"
2023-02-22T17:01:13.462670Z TRACE ThreadId(01) link "C:\\Users\\Brett\\AppData\\Local\\Temp\\hemtt\\arma_Synixe Contractors_synixe_tweaks\\source\\x\\synixe\\addons\\medical" => "P:\\arma\\Synixe Contractors\\synixe_tweaks\\addons\\medical"
2023-02-22T17:01:13.571434Z TRACE ThreadId(01) link "C:\\Users\\Brett\\AppData\\Local\\Temp\\hemtt\\arma_Synixe Contractors_synixe_tweaks\\source\\x\\synixe\\addons\\rejoin" => "P:\\arma\\Synixe Contractors\\synixe_tweaks\\addons\\rejoin"
2023-02-22T17:01:13.680639Z TRACE ThreadId(01) link "C:\\Users\\Brett\\AppData\\Local\\Temp\\hemtt\\arma_Synixe Contractors_synixe_tweaks\\source\\x\\synixe\\addons\\safe_grenades" => "P:\\arma\\Synixe Contractors\\synixe_tweaks\\addons\\safe_grenades"
2023-02-22T17:01:13.789265Z TRACE ThreadId(01) link "C:\\Users\\Brett\\AppData\\Local\\Temp\\hemtt\\arma_Synixe Contractors_synixe_tweaks\\source\\x\\synixe\\addons\\shootingrange" => "P:\\arma\\Synixe Contractors\\synixe_tweaks\\addons\\shootingrange"
2023-02-22T17:01:13.912259Z TRACE ThreadId(01) link "C:\\Users\\Brett\\AppData\\Local\\Temp\\hemtt\\arma_Synixe Contractors_synixe_tweaks\\source\\x\\synixe\\addons\\spectator" => "P:\\arma\\Synixe Contractors\\synixe_tweaks\\addons\\spectator"
2023-02-22T17:01:14.035223Z TRACE ThreadId(01) link "C:\\Users\\Brett\\AppData\\Local\\Temp\\hemtt\\arma_Synixe Contractors_synixe_tweaks\\source\\x\\synixe\\addons\\tagging" => "P:\\arma\\Synixe Contractors\\synixe_tweaks\\addons\\tagging"
2023-02-22T17:01:14.157532Z TRACE ThreadId(01) link "C:\\Users\\Brett\\AppData\\Local\\Temp\\hemtt\\arma_Synixe Contractors_synixe_tweaks\\source\\x\\synixe\\addons\\teams" => "P:\\arma\\Synixe Contractors\\synixe_tweaks\\addons\\teams"
2023-02-22T17:01:14.280496Z TRACE ThreadId(01) link "C:\\Users\\Brett\\AppData\\Local\\Temp\\hemtt\\arma_Synixe Contractors_synixe_tweaks\\source\\x\\synixe\\addons\\uav" => "P:\\arma\\Synixe Contractors\\synixe_tweaks\\addons\\uav"
2023-02-22T17:01:14.389441Z TRACE ThreadId(01) link "C:\\Users\\Brett\\AppData\\Local\\Temp\\hemtt\\arma_Synixe Contractors_synixe_tweaks\\source\\x\\synixe\\addons\\vanilla_acre_rack" => "P:\\arma\\Synixe Contractors\\synixe_tweaks\\addons\\vanilla_acre_racks"
2023-02-22T17:01:14.497415Z TRACE ThreadId(01) link "C:\\Users\\Brett\\AppData\\Local\\Temp\\hemtt\\arma_Synixe Contractors_synixe_tweaks\\source\\a3\\ui_f" => "P:\\arma\\Synixe Contractors\\synixe_tweaks\\include\\a3\\ui_f"
2023-02-22T17:01:14.605554Z TRACE ThreadId(01) link "C:\\Users\\Brett\\AppData\\Local\\Temp\\hemtt\\arma_Synixe Contractors_synixe_tweaks\\source\\x\\cba" => "P:\\arma\\Synixe Contractors\\synixe_tweaks\\include\\x\\cba"
2023-02-22T17:01:14.714228Z TRACE ThreadId(01) link "C:\\Users\\Brett\\AppData\\Local\\Temp\\hemtt\\arma_Synixe Contractors_synixe_tweaks\\source\\z\\ace" => "P:\\arma\\Synixe Contractors\\synixe_tweaks\\include\\z\\ace"
2023-02-22T17:01:14.821690Z TRACE ThreadId(01) phase: init (Sign) (start)
2023-02-22T17:01:14.821705Z TRACE ThreadId(01) phase: init (Sign) (done)
2023-02-22T17:01:14.821709Z TRACE ThreadId(01) phase: init (sqf) (start)
2023-02-22T17:01:14.821711Z TRACE ThreadId(01) phase: init (sqf) (done)
2023-02-22T17:01:14.821714Z TRACE ThreadId(01) phase: init (Rapifier) (start)
2023-02-22T17:01:14.821716Z TRACE ThreadId(01) phase: init (Rapifier) (done)
2023-02-22T17:01:14.821718Z TRACE ThreadId(01) phase: init (Binarize) (start)
2023-02-22T17:01:14.821766Z TRACE ThreadId(01) phase: init (Binarize) (done)
2023-02-22T17:01:14.821770Z TRACE ThreadId(01) phase: init (Hooks) (start)
2023-02-22T17:01:14.821781Z TRACE ThreadId(01) no hooks folder
2023-02-22T17:01:14.821783Z TRACE ThreadId(01) phase: init (Hooks) (done)
2023-02-22T17:01:14.821785Z TRACE ThreadId(01) phase: init (ArmaScriptCompiler) (start)
2023-02-22T17:01:14.821788Z TRACE ThreadId(01) disabled
2023-02-22T17:01:14.821790Z TRACE ThreadId(01) phase: init (ArmaScriptCompiler) (done)
2023-02-22T17:01:14.821793Z TRACE ThreadId(01) phase: init (Files) (start)
2023-02-22T17:01:14.821795Z TRACE ThreadId(01) phase: init (Files) (done)
2023-02-22T17:01:14.821797Z TRACE ThreadId(01) phase: init (done)
2023-02-22T17:01:14.821800Z TRACE ThreadId(01) phase: check (start)
2023-02-22T17:01:14.821802Z TRACE ThreadId(01) phase: check (Sign) (start)
2023-02-22T17:01:14.822251Z TRACE ThreadId(01) phase: check (Sign) (done)
2023-02-22T17:01:14.822256Z TRACE ThreadId(01) phase: check (sqf) (start)
2023-02-22T17:01:14.847682Z DEBUG ThreadId(02) linting "/addons/acre/XEH_preInit.sqf"
2023-02-22T17:01:14.847686Z DEBUG ThreadId(05) linting "/addons/acre/functions/fnc_getAllRadios.sqf"
2023-02-22T17:01:14.847683Z DEBUG ThreadId(03) linting "/addons/acre/XEH_preStart.sqf"
2023-02-22T17:01:14.847683Z DEBUG ThreadId(04) linting "/addons/acre/XEH_postInit.sqf"
2023-02-22T17:01:14.907848Z DEBUG ThreadId(02) linting "/addons/arsenal/XEH_postInit.sqf"
2023-02-22T17:01:14.907860Z DEBUG ThreadId(13) linting "/addons/arsenal/functions/fnc_handleLoadoutsDisplayOpened.sqf"
2023-02-22T17:01:14.907850Z DEBUG ThreadId(04) linting "/addons/arsenal/initSettings.sqf"
2023-02-22T17:01:14.907853Z DEBUG ThreadId(03) linting "/addons/arsenal/functions/fnc_handleDisplayOpened.sqf"
2023-02-22T17:01:14.907874Z DEBUG ThreadId(17) linting "/addons/arsenal/functions/fnc_handleLoadout.sqf"
2023-02-22T17:01:14.907854Z DEBUG ThreadId(06) linting "/addons/arsenal/functions/fnc_handleLoadoutsDisplayClosed.sqf"
2023-02-22T17:01:14.907867Z DEBUG ThreadId(07) linting "/addons/arsenal/functions/fnc_countItem.sqf"
2023-02-22T17:01:14.907870Z DEBUG ThreadId(09) linting "/addons/arsenal/functions/fnc_handleDisplayClosed.sqf"
2023-02-22T17:01:14.907881Z DEBUG ThreadId(16) linting "/addons/arsenal/functions/fnc_getMissingGear.sqf"
2023-02-22T17:01:14.907867Z DEBUG ThreadId(10) linting "/addons/arsenal/XEH_preInit.sqf"
2023-02-22T17:01:14.907852Z DEBUG ThreadId(05) linting "/addons/arsenal/XEH_preStart.sqf"
2023-02-22T17:01:14.907867Z DEBUG ThreadId(11) linting "/addons/arsenal/functions/fnc_getSpecialGear.sqf"
2023-02-22T17:01:15.019886Z DEBUG ThreadId(02) linting "/addons/axe/XEH_postInit.sqf"
2023-02-22T17:01:15.019901Z DEBUG ThreadId(09) linting "/addons/axe/functions/fnc_interactEH.sqf"
2023-02-22T17:01:15.019890Z DEBUG ThreadId(05) linting "/addons/axe/initSettings.sqf"
2023-02-22T17:01:15.019887Z DEBUG ThreadId(03) linting "/addons/axe/functions/fnc_checkCutDown.sqf"
2023-02-22T17:01:15.019895Z DEBUG ThreadId(06) linting "/addons/axe/functions/fnc_findTrunk.sqf"
2023-02-22T17:01:15.019894Z DEBUG ThreadId(07) linting "/addons/axe/functions/fnc_cutDownTree.sqf"
2023-02-22T17:01:15.019888Z DEBUG ThreadId(04) linting "/addons/axe/XEH_preStart.sqf"
2023-02-22T17:01:15.019895Z DEBUG ThreadId(08) linting "/addons/axe/XEH_preInit.sqf"
2023-02-22T17:01:15.102808Z DEBUG ThreadId(03) linting "/addons/bodybag/XEH_preStart.sqf"
2023-02-22T17:01:15.102811Z DEBUG ThreadId(04) linting "/addons/bodybag/initSettings.sqf"
2023-02-22T17:01:15.102807Z DEBUG ThreadId(02) linting "/addons/bodybag/XEH_postInitServer.sqf"
2023-02-22T17:01:15.102814Z DEBUG ThreadId(05) linting "/addons/bodybag/functions/fnc_saveDroppedWeapons.sqf"
2023-02-22T17:01:15.102815Z DEBUG ThreadId(06) linting "/addons/bodybag/XEH_preInit.sqf"
2023-02-22T17:01:15.102818Z DEBUG ThreadId(07) linting "/addons/bodybag/functions/fnc_moveInventory.sqf"
2023-02-22T17:01:15.167295Z DEBUG ThreadId(03) linting "/addons/camshake/functions/fnc_caliberCache.sqf"
2023-02-22T17:01:15.167294Z DEBUG ThreadId(02) linting "/addons/camshake/XEH_preInit.sqf"
2023-02-22T17:01:15.167298Z DEBUG ThreadId(04) linting "/addons/camshake/functions/fnc_shake.sqf"
2023-02-22T17:01:15.167299Z DEBUG ThreadId(05) linting "/addons/camshake/XEH_postInitClient.sqf"
2023-02-22T17:01:15.167299Z DEBUG ThreadId(06) linting "/addons/camshake/functions/fnc_fired.sqf"
2023-02-22T17:01:15.167304Z DEBUG ThreadId(07) linting "/addons/camshake/functions/fnc_firedPlayer.sqf"
2023-02-22T17:01:15.167303Z DEBUG ThreadId(08) linting "/addons/camshake/XEH_preStart.sqf"
2023-02-22T17:01:15.242633Z DEBUG ThreadId(06) linting "/addons/common/functions/fnc_autoFries.sqf"
2023-02-22T17:01:15.242634Z DEBUG ThreadId(05) linting "/addons/common/XEH_postInitServer.sqf"
2023-02-22T17:01:15.242633Z DEBUG ThreadId(03) linting "/addons/common/functions/fnc_screenshot.sqf"
2023-02-22T17:01:15.242630Z DEBUG ThreadId(02) linting "/addons/common/XEH_postInit.sqf"
2023-02-22T17:01:15.242650Z DEBUG ThreadId(12) linting "/addons/common/XEH_preInit.sqf"
2023-02-22T17:01:15.242636Z DEBUG ThreadId(04) linting "/addons/common/XEH_preStart.sqf"
2023-02-22T17:01:15.242638Z DEBUG ThreadId(09) linting "/addons/common/XEH_postInitClient.sqf"
2023-02-22T17:01:15.242640Z DEBUG ThreadId(07) linting "/addons/common/functions/fnc_onModalOpen.sqf"
2023-02-22T17:01:15.242652Z DEBUG ThreadId(16) linting "/addons/common/functions/fnc_onModalClose.sqf"
2023-02-22T17:01:15.242653Z DEBUG ThreadId(13) linting "/addons/common/functions/fnc_screenshotMode.sqf"
2023-02-22T17:01:15.242644Z DEBUG ThreadId(20) linting "/addons/common/functions/fnc_createPlayerMarker.sqf"
2023-02-22T17:01:15.242647Z DEBUG ThreadId(19) linting "/addons/common/functions/fnc_modal.sqf"
2023-02-22T17:01:15.242636Z DEBUG ThreadId(08) linting "/addons/common/functions/fnc_browser.sqf"
2023-02-22T17:01:15.242651Z DEBUG ThreadId(15) linting "/addons/common/functions/fnc_findRoles.sqf"
2023-02-22T17:01:15.398501Z DEBUG ThreadId(01) linting "/addons/fatigue/XEH_postInitClient.sqf"
2023-02-22T17:01:15.445686Z DEBUG ThreadId(02) linting "/addons/gunner/XEH_preInit.sqf"
2023-02-22T17:01:15.445700Z DEBUG ThreadId(06) linting "/addons/gunner/functions/fnc_perFrameHandler.sqf"
2023-02-22T17:01:15.445691Z DEBUG ThreadId(04) linting "/addons/gunner/XEH_postInit.sqf"
2023-02-22T17:01:15.445697Z DEBUG ThreadId(05) linting "/addons/gunner/functions/fnc_isISR.sqf"
2023-02-22T17:01:15.445690Z DEBUG ThreadId(03) linting "/addons/gunner/XEH_preStart.sqf"
2023-02-22T17:01:15.530953Z DEBUG ThreadId(02) linting "/addons/medical/XEH_postInit.sqf"
2023-02-22T17:01:15.530957Z DEBUG ThreadId(03) linting "/addons/medical/XEH_preInit.sqf"
2023-02-22T17:01:15.579779Z DEBUG ThreadId(03) linting "/addons/rejoin/XEH_postInitServer.sqf"
2023-02-22T17:01:15.579776Z DEBUG ThreadId(02) linting "/addons/rejoin/XEH_postInitClient.sqf"
2023-02-22T17:01:15.579782Z DEBUG ThreadId(04) linting "/addons/rejoin/XEH_preInit.sqf"
2023-02-22T17:01:15.579783Z DEBUG ThreadId(05) linting "/addons/rejoin/initSettings.sqf"
2023-02-22T17:01:15.633296Z DEBUG ThreadId(02) linting "/addons/safe_grenades/XEH_postInit.sqf"
2023-02-22T17:01:15.633309Z DEBUG ThreadId(06) linting "/addons/safe_grenades/XEH_preStart.sqf"
2023-02-22T17:01:15.633297Z DEBUG ThreadId(03) linting "/addons/safe_grenades/functions/fnc_openKeybinding.sqf"
2023-02-22T17:01:15.633302Z DEBUG ThreadId(05) linting "/addons/safe_grenades/functions/fnc_bindCondition.sqf"
2023-02-22T17:01:15.633311Z DEBUG ThreadId(07) linting "/addons/safe_grenades/functions/fnc_bindWarn.sqf"
2023-02-22T17:01:15.633302Z DEBUG ThreadId(04) linting "/addons/safe_grenades/XEH_preInit.sqf"
2023-02-22T17:01:15.709895Z DEBUG ThreadId(03) linting "/addons/shootingrange/functions/fnc_triggerPopup.sqf"
2023-02-22T17:01:15.709912Z DEBUG ThreadId(07) linting "/addons/shootingrange/functions/fnc_isTargetDown.sqf"
2023-02-22T17:01:15.709901Z DEBUG ThreadId(06) linting "/addons/shootingrange/XEH_preStart.sqf"
2023-02-22T17:01:15.709902Z DEBUG ThreadId(05) linting "/addons/shootingrange/functions/fnc_playSoundSignal.sqf"
2023-02-22T17:01:15.709904Z DEBUG ThreadId(09) linting "/addons/shootingrange/functions/fnc_popupPFH.sqf"
2023-02-22T17:01:15.709917Z DEBUG ThreadId(04) linting "/addons/shootingrange/functions/fnc_getTargetAnimations.sqf"
2023-02-22T17:01:15.709915Z DEBUG ThreadId(10) linting "/addons/shootingrange/functions/fnc_checkConfig.sqf"
2023-02-22T17:01:15.709919Z DEBUG ThreadId(20) linting "/addons/shootingrange/functions/fnc_handleHitPart.sqf"
2023-02-22T17:01:15.709915Z DEBUG ThreadId(12) linting "/addons/shootingrange/functions/fnc_setConfigPauseDuration.sqf"
2023-02-22T17:01:15.709920Z DEBUG ThreadId(17) linting "/addons/shootingrange/functions/fnc_addConfigDurations.sqf"
2023-02-22T17:01:15.709919Z DEBUG ThreadId(14) linting "/addons/shootingrange/functions/fnc_addConfigCountdownTimes.sqf"
2023-02-22T17:01:15.709917Z DEBUG ThreadId(16) linting "/addons/shootingrange/functions/fnc_setConfigTargetAmount.sqf"
2023-02-22T17:01:15.709913Z DEBUG ThreadId(22) linting "/addons/shootingrange/XEH_preInit.sqf"
2023-02-22T17:01:15.709920Z DEBUG ThreadId(28) linting "/addons/shootingrange/functions/fnc_notifyVicinity.sqf"
2023-02-22T17:01:15.709916Z DEBUG ThreadId(15) linting "/addons/shootingrange/functions/fnc_addConfigPauseDurations.sqf"
2023-02-22T17:01:15.709919Z DEBUG ThreadId(23) linting "/addons/shootingrange/functions/fnc_canActivateTrigger.sqf"
2023-02-22T17:01:15.709894Z DEBUG ThreadId(02) linting "/addons/shootingrange/XEH_postInit.sqf"
2023-02-22T17:01:15.709922Z DEBUG ThreadId(11) linting "/addons/shootingrange/functions/fnc_setConfigMode.sqf"
2023-02-22T17:01:15.709919Z DEBUG ThreadId(26) linting "/addons/shootingrange/functions/fnc_addConfigTargetAmounts.sqf"
2023-02-22T17:01:15.709924Z DEBUG ThreadId(32) linting "/addons/shootingrange/functions/fnc_stop.sqf"
2023-02-22T17:01:15.709921Z DEBUG ThreadId(31) linting "/addons/shootingrange/functions/fnc_start.sqf"
2023-02-22T17:01:15.709921Z DEBUG ThreadId(27) linting "/addons/shootingrange/functions/fnc_configure.sqf"
2023-02-22T17:01:15.709915Z DEBUG ThreadId(24) linting "/addons/shootingrange/functions/fnc_moduleInit.sqf"
2023-02-22T17:01:15.709917Z DEBUG ThreadId(19) linting "/addons/shootingrange/functions/fnc_setConfigCountdownTime.sqf"
2023-02-22T17:01:15.709920Z DEBUG ThreadId(18) linting "/addons/shootingrange/functions/fnc_setConfigDuration.sqf"
2023-02-22T17:01:15.709916Z DEBUG ThreadId(13) linting "/addons/shootingrange/functions/fnc_create.sqf"
2023-02-22T17:01:15.709919Z DEBUG ThreadId(29) linting "/addons/shootingrange/functions/fnc_animateTarget.sqf"
2023-02-22T17:01:15.709918Z DEBUG ThreadId(08) linting "/addons/shootingrange/functions/fnc_popupPFHexit.sqf"
2023-02-22T17:01:15.709922Z DEBUG ThreadId(30) linting "/addons/shootingrange/functions/fnc_setTargetGroups.sqf"
2023-02-22T17:01:15.709919Z DEBUG ThreadId(21) linting "/addons/shootingrange/functions/fnc_textsIntoLocalizedString.sqf"
2023-02-22T17:01:16.024748Z DEBUG ThreadId(03) linting "/addons/spectator/XEH_preInit.sqf"
2023-02-22T17:01:16.024758Z DEBUG ThreadId(06) linting "/addons/spectator/functions/fnc_initModules.sqf"
2023-02-22T17:01:16.024748Z DEBUG ThreadId(02) linting "/addons/spectator/XEH_postInitClient.sqf"
2023-02-22T17:01:16.024752Z DEBUG ThreadId(05) linting "/addons/spectator/XEH_preStart.sqf"
2023-02-22T17:01:16.024750Z DEBUG ThreadId(04) linting "/addons/spectator/XEH_postInitServer.sqf"
2023-02-22T17:01:16.094856Z DEBUG ThreadId(03) linting "/addons/tagging/XEH_postInit.sqf"
2023-02-22T17:01:16.094851Z DEBUG ThreadId(02) linting "/addons/tagging/XEH_preInit.sqf"
2023-02-22T17:01:16.143854Z DEBUG ThreadId(03) linting "/addons/teams/XEH_postInit.sqf"
2023-02-22T17:01:16.143851Z DEBUG ThreadId(02) linting "/addons/teams/XEH_preStart.sqf"
2023-02-22T17:01:16.143856Z DEBUG ThreadId(04) linting "/addons/teams/XEH_preInit.sqf"
2023-02-22T17:01:16.143859Z DEBUG ThreadId(05) linting "/addons/teams/functions/fnc_onMarkerCreated.sqf"
2023-02-22T17:01:16.143863Z DEBUG ThreadId(08) linting "/addons/teams/functions/fnc_onTeamChanged.sqf"
2023-02-22T17:01:16.211910Z DEBUG ThreadId(04) linting "/addons/uav/XEH_preInit.sqf"
2023-02-22T17:01:16.211910Z DEBUG ThreadId(03) linting "/addons/uav/functions/fnc_action_canSwapBattery.sqf"
2023-02-22T17:01:16.211910Z DEBUG ThreadId(02) linting "/addons/uav/XEH_preStart.sqf"
2023-02-22T17:01:16.211913Z DEBUG ThreadId(06) linting "/addons/uav/functions/fnc_action_insertChildren.sqf"
2023-02-22T17:01:16.211915Z DEBUG ThreadId(07) linting "/addons/uav/functions/fnc_assemble.sqf"
2023-02-22T17:01:16.211915Z DEBUG ThreadId(05) linting "/addons/uav/XEH_postInit.sqf"
2023-02-22T17:01:16.211916Z DEBUG ThreadId(08) linting "/addons/uav/functions/fnc_pack.sqf"
2023-02-22T17:01:16.211919Z DEBUG ThreadId(09) linting "/addons/uav/functions/fnc_swapBattery.sqf"
2023-02-22T17:01:16.211928Z DEBUG ThreadId(11) linting "/addons/uav/functions/fnc_action_canAssemble.sqf"
2023-02-22T17:01:16.298729Z  INFO ThreadId(01) Linted 120 files
2023-02-22T17:01:16.298741Z TRACE ThreadId(01) phase: check (sqf) (done)
2023-02-22T17:01:16.298744Z TRACE ThreadId(01) phase: check (Rapifier) (start)
2023-02-22T17:01:16.298746Z TRACE ThreadId(01) phase: check (Rapifier) (done)
2023-02-22T17:01:16.298748Z TRACE ThreadId(01) phase: check (Binarize) (start)
2023-02-22T17:01:16.298750Z TRACE ThreadId(01) phase: check (Binarize) (done)
2023-02-22T17:01:16.298752Z TRACE ThreadId(01) phase: check (Hooks) (start)
2023-02-22T17:01:16.298755Z TRACE ThreadId(01) phase: check (Hooks) (done)
2023-02-22T17:01:16.298757Z TRACE ThreadId(01) phase: check (ArmaScriptCompiler) (start)
2023-02-22T17:01:16.298759Z TRACE ThreadId(01) phase: check (ArmaScriptCompiler) (done)
2023-02-22T17:01:16.298761Z TRACE ThreadId(01) phase: check (Files) (start)
2023-02-22T17:01:16.298764Z TRACE ThreadId(01) phase: check (Files) (done)
2023-02-22T17:01:16.298766Z TRACE ThreadId(01) phase: check (done)
2023-02-22T17:01:16.298772Z TRACE ThreadId(01) phase: pre_build (start)
2023-02-22T17:01:16.298774Z TRACE ThreadId(01) phase: pre_build (Sign) (start)
2023-02-22T17:01:16.298776Z TRACE ThreadId(01) phase: pre_build (Sign) (done)
2023-02-22T17:01:16.298778Z TRACE ThreadId(01) phase: pre_build (sqf) (start)
2023-02-22T17:01:16.298780Z TRACE ThreadId(01) phase: pre_build (sqf) (done)
2023-02-22T17:01:16.298782Z TRACE ThreadId(01) phase: pre_build (Rapifier) (start)
2023-02-22T17:01:16.307055Z DEBUG ThreadId(17) rapifying /addons/acre/config.cpp
2023-02-22T17:01:16.307095Z DEBUG ThreadId(21) rapifying /addons/shootingrange/config.cpp
2023-02-22T17:01:16.307201Z DEBUG ThreadId(24) rapifying /addons/vanilla_acre_racks/config.cpp
2023-02-22T17:01:16.307225Z DEBUG ThreadId(11) rapifying /addons/cup_hide_duplicates/config.cpp
2023-02-22T17:01:16.307617Z DEBUG ThreadId(18) rapifying /addons/tagging/config.cpp
2023-02-22T17:01:16.307899Z DEBUG ThreadId(20) rapifying /addons/cup_vehicles_acre_racks/config.cpp
2023-02-22T17:01:16.308029Z DEBUG ThreadId(02) rapifying /addons/ace_ballistics/config.cpp
2023-02-22T17:01:16.308176Z DEBUG ThreadId(12) rapifying /addons/base/config.cpp
2023-02-22T17:01:16.308204Z DEBUG ThreadId(15) rapifying /addons/teams/config.cpp
2023-02-22T17:01:16.308293Z DEBUG ThreadId(05) rapifying /addons/arsenal/config.cpp
2023-02-22T17:01:16.308530Z DEBUG ThreadId(13) rapifying /addons/cup_units_nouniformrestrictions/config.cpp
2023-02-22T17:01:16.308563Z DEBUG ThreadId(08) rapifying /addons/main/config.cpp
2023-02-22T17:01:16.308564Z DEBUG ThreadId(04) rapifying /addons/bodybag/config.cpp
2023-02-22T17:01:16.308971Z DEBUG ThreadId(07) rapifying /addons/ace_hearing/config.cpp
2023-02-22T17:01:16.309139Z DEBUG ThreadId(14) rapifying /addons/common/config.cpp
2023-02-22T17:01:16.309151Z DEBUG ThreadId(03) rapifying /addons/fatigue/config.cpp
2023-02-22T17:01:16.309169Z DEBUG ThreadId(10) rapifying /addons/camshake/config.cpp
2023-02-22T17:01:16.309262Z DEBUG ThreadId(09) rapifying /addons/gunner/config.cpp
2023-02-22T17:01:16.309265Z DEBUG ThreadId(22) rapifying /addons/insignia/config.cpp
2023-02-22T17:01:16.309388Z DEBUG ThreadId(06) rapifying /addons/safe_grenades/config.cpp
2023-02-22T17:01:16.309451Z DEBUG ThreadId(16) rapifying /addons/axe/config.cpp
2023-02-22T17:01:16.309483Z DEBUG ThreadId(27) rapifying /addons/rejoin/config.cpp
2023-02-22T17:01:16.309546Z DEBUG ThreadId(26) rapifying /addons/difficulty/config.cpp
2023-02-22T17:01:16.309633Z DEBUG ThreadId(25) rapifying /addons/uav/config.cpp
2023-02-22T17:01:16.309739Z DEBUG ThreadId(29) rapifying /addons/spectator/config.cpp
2023-02-22T17:01:16.310177Z DEBUG ThreadId(23) rapifying /addons/medical/config.cpp
2023-02-22T17:01:16.510247Z  INFO ThreadId(01) Rapified 26 addon configs
2023-02-22T17:01:16.510294Z TRACE ThreadId(01) phase: pre_build (Rapifier) (done)
2023-02-22T17:01:16.510297Z TRACE ThreadId(01) phase: pre_build (Binarize) (start)
2023-02-22T17:01:16.536734Z  INFO ThreadId(01) Binarized 0 files
2023-02-22T17:01:16.536746Z TRACE ThreadId(01) phase: pre_build (Binarize) (done)
2023-02-22T17:01:16.536749Z TRACE ThreadId(01) phase: pre_build (Hooks) (start)
2023-02-22T17:01:16.536756Z TRACE ThreadId(01) phase: pre_build (Hooks) (done)
2023-02-22T17:01:16.536758Z TRACE ThreadId(01) phase: pre_build (ArmaScriptCompiler) (start)
2023-02-22T17:01:16.536762Z TRACE ThreadId(01) phase: pre_build (ArmaScriptCompiler) (done)
2023-02-22T17:01:16.536765Z TRACE ThreadId(01) phase: pre_build (Files) (start)
2023-02-22T17:01:16.536767Z TRACE ThreadId(01) phase: pre_build (Files) (done)
2023-02-22T17:01:16.536770Z TRACE ThreadId(01) phase: pre_build (done)
2023-02-22T17:01:16.536772Z TRACE ThreadId(01) phase: build (start)
2023-02-22T17:01:16.537381Z DEBUG ThreadId(03) building "addons/fatigue" => "P:\\arma\\Synixe Contractors\\synixe_tweaks\\.hemttout\\release\\addons\\synixe_fatigue.pbo"
2023-02-22T17:01:16.537450Z DEBUG ThreadId(04) building "addons/bodybag" => "P:\\arma\\Synixe Contractors\\synixe_tweaks\\.hemttout\\release\\addons\\synixe_bodybag.pbo"
2023-02-22T17:01:16.537455Z DEBUG ThreadId(02) building "addons/ace_ballistics" => "P:\\arma\\Synixe Contractors\\synixe_tweaks\\.hemttout\\release\\addons\\synixe_ace_ballistics.pbo"
2023-02-22T17:01:16.537460Z DEBUG ThreadId(06) building "addons/ace_hearing" => "P:\\arma\\Synixe Contractors\\synixe_tweaks\\.hemttout\\release\\addons\\synixe_ace_hearing.pbo"
2023-02-22T17:01:16.537456Z DEBUG ThreadId(05) building "addons/arsenal" => "P:\\arma\\Synixe Contractors\\synixe_tweaks\\.hemttout\\release\\addons\\synixe_arsenal.pbo"
2023-02-22T17:01:16.537480Z DEBUG ThreadId(26) building "addons/insignia" => "P:\\arma\\Synixe Contractors\\synixe_tweaks\\.hemttout\\release\\addons\\synixe_insignia.pbo"
2023-02-22T17:01:16.537489Z DEBUG ThreadId(09) building "addons/axe" => "P:\\arma\\Synixe Contractors\\synixe_tweaks\\.hemttout\\release\\addons\\synixe_axe.pbo"
2023-02-22T17:01:16.537462Z DEBUG ThreadId(19) building "addons/common" => "P:\\arma\\Synixe Contractors\\synixe_tweaks\\.hemttout\\release\\addons\\synixe_common.pbo"
2023-02-22T17:01:16.537466Z DEBUG ThreadId(15) building "addons/acre" => "P:\\arma\\Synixe Contractors\\synixe_tweaks\\.hemttout\\release\\addons\\synixe_acre.pbo"
2023-02-22T17:01:16.537483Z DEBUG ThreadId(12) building "addons/camshake" => "P:\\arma\\Synixe Contractors\\synixe_tweaks\\.hemttout\\release\\addons\\synixe_camshake.pbo"
2023-02-22T17:01:16.537486Z TRACE ThreadId(03) adding file "config.bin"
2023-02-22T17:01:16.537544Z DEBUG ThreadId(11) building "addons/gunner" => "P:\\arma\\Synixe Contractors\\synixe_tweaks\\.hemttout\\release\\addons\\synixe_gunner.pbo"
2023-02-22T17:01:16.537552Z DEBUG ThreadId(25) building "addons/teams" => "P:\\arma\\Synixe Contractors\\synixe_tweaks\\.hemttout\\release\\addons\\synixe_teams.pbo"
2023-02-22T17:01:16.537498Z DEBUG ThreadId(10) building "addons/cup_hide_duplicates" => "P:\\arma\\Synixe Contractors\\synixe_tweaks\\.hemttout\\release\\addons\\synixe_cup_hide_duplicates.pbo"
2023-02-22T17:01:16.537500Z DEBUG ThreadId(21) building "addons/shootingrange" => "P:\\arma\\Synixe Contractors\\synixe_tweaks\\.hemttout\\release\\addons\\synixe_shootingrange.pbo"
2023-02-22T17:01:16.537582Z DEBUG ThreadId(24) building "addons/difficulty" => "P:\\arma\\Synixe Contractors\\synixe_tweaks\\.hemttout\\release\\addons\\synixe_difficulty.pbo"
2023-02-22T17:01:16.537505Z DEBUG ThreadId(28) building "addons/vanilla_acre_racks" => "P:\\arma\\Synixe Contractors\\synixe_tweaks\\.hemttout\\release\\addons\\synixe_vanilla_acre_racks.pbo"
2023-02-22T17:01:16.537514Z DEBUG ThreadId(08) building "addons/safe_grenades" => "P:\\arma\\Synixe Contractors\\synixe_tweaks\\.hemttout\\release\\addons\\synixe_safe_grenades.pbo"
2023-02-22T17:01:16.537524Z DEBUG ThreadId(29) building "addons/spectator" => "P:\\arma\\Synixe Contractors\\synixe_tweaks\\.hemttout\\release\\addons\\synixe_spectator.pbo"
2023-02-22T17:01:16.537533Z DEBUG ThreadId(18) building "addons/tagging" => "P:\\arma\\Synixe Contractors\\synixe_tweaks\\.hemttout\\release\\addons\\synixe_tagging.pbo"
2023-02-22T17:01:16.537536Z DEBUG ThreadId(20) building "addons/rejoin" => "P:\\arma\\Synixe Contractors\\synixe_tweaks\\.hemttout\\release\\addons\\synixe_rejoin.pbo"
2023-02-22T17:01:16.537480Z DEBUG ThreadId(14) building "addons/cup_vehicles_acre_racks" => "P:\\arma\\Synixe Contractors\\synixe_tweaks\\.hemttout\\release\\addons\\synixe_cup_vehicles_acre_racks.pbo"
2023-02-22T17:01:16.537467Z DEBUG ThreadId(07) building "addons/main" => "P:\\arma\\Synixe Contractors\\synixe_tweaks\\.hemttout\\release\\addons\\synixe_main.pbo"
2023-02-22T17:01:16.537559Z DEBUG ThreadId(16) building "addons/medical" => "P:\\arma\\Synixe Contractors\\synixe_tweaks\\.hemttout\\release\\addons\\synixe_medical.pbo"
2023-02-22T17:01:16.537567Z DEBUG ThreadId(13) building "addons/cup_units_nouniformrestrictions" => "P:\\arma\\Synixe Contractors\\synixe_tweaks\\.hemttout\\release\\addons\\synixe_cup_units_nouniformrestrictions.pbo"
2023-02-22T17:01:16.537570Z DEBUG ThreadId(27) building "addons/uav" => "P:\\arma\\Synixe Contractors\\synixe_tweaks\\.hemttout\\release\\addons\\synixe_uav.pbo"
2023-02-22T17:01:16.537516Z DEBUG ThreadId(17) building "addons/base" => "P:\\arma\\Synixe Contractors\\synixe_tweaks\\.hemttout\\release\\addons\\synixe_base.pbo"
2023-02-22T17:01:16.537898Z TRACE ThreadId(14) adding file "config.bin"
2023-02-22T17:01:16.537993Z TRACE ThreadId(06) adding file "config.bin"
2023-02-22T17:01:16.538003Z TRACE ThreadId(21) adding file "XEH_preInit.sqf"
2023-02-22T17:01:16.538021Z TRACE ThreadId(11) adding file "XEH_postInit.sqf"
2023-02-22T17:01:16.538146Z TRACE ThreadId(26) adding file "CfgUnitInsignia.hpp"
2023-02-22T17:01:16.538167Z TRACE ThreadId(09) adding file "XEH_preInit.sqf"
2023-02-22T17:01:16.538246Z TRACE ThreadId(12) adding file "XEH_preStart.sqf"
2023-02-22T17:01:16.538249Z TRACE ThreadId(17) adding file "script_component.hpp"
2023-02-22T17:01:16.538269Z TRACE ThreadId(24) adding file "CfgAILevelPresets.hpp"
2023-02-22T17:01:16.538294Z TRACE ThreadId(15) adding file "XEH_preInit.sqf"
2023-02-22T17:01:16.538314Z TRACE ThreadId(28) adding file "script_component.hpp"
2023-02-22T17:01:16.538321Z TRACE ThreadId(02) adding file "CfgWeapons.hpp"
2023-02-22T17:01:16.538346Z TRACE ThreadId(08) adding file "XEH_preStart.sqf"
2023-02-22T17:01:16.538356Z TRACE ThreadId(26) adding file "config.bin"
2023-02-22T17:01:16.538391Z TRACE ThreadId(29) adding file "XEH_postInitServer.sqf"
2023-02-22T17:01:16.538393Z TRACE ThreadId(14) adding file "script_component.hpp"
2023-02-22T17:01:16.538447Z TRACE ThreadId(18) adding file "XEH_postInit.sqf"
2023-02-22T17:01:16.538466Z TRACE ThreadId(06) adding file "script_component.hpp"
2023-02-22T17:01:16.538498Z TRACE ThreadId(17) adding file "config.bin"
2023-02-22T17:01:16.538500Z TRACE ThreadId(27) adding file "CfgMagazines.hpp"
2023-02-22T17:01:16.538554Z TRACE ThreadId(28) adding file "config.bin"
2023-02-22T17:01:16.538617Z TRACE ThreadId(04) adding file "XEH_preInit.sqf"
2023-02-22T17:01:16.538635Z TRACE ThreadId(21) adding file "CfgModuleCategories.hpp"
2023-02-22T17:01:16.538693Z TRACE ThreadId(11) adding file "script_component.hpp"
2023-02-22T17:01:16.538911Z TRACE ThreadId(09) adding file "initSettings.sqf"
2023-02-22T17:01:16.538986Z TRACE ThreadId(20) adding file "initSettings.sqf"
2023-02-22T17:01:16.539025Z TRACE ThreadId(12) adding file "CfgCloudlets.hpp"
2023-02-22T17:01:16.539049Z TRACE ThreadId(05) adding file "CfgEventHandlers.hpp"
2023-02-22T17:01:16.539055Z TRACE ThreadId(02) adding file "README.md"
2023-02-22T17:01:16.539063Z TRACE ThreadId(15) adding file "XEH_preStart.sqf"
2023-02-22T17:01:16.539141Z TRACE ThreadId(03) adding file "script_component.hpp"
2023-02-22T17:01:16.539153Z TRACE ThreadId(08) adding file "stringtable.xml"
2023-02-22T17:01:16.539224Z TRACE ThreadId(29) adding file "script_component.hpp"
2023-02-22T17:01:16.539304Z TRACE ThreadId(06) adding file "README.md"
2023-02-22T17:01:16.539334Z TRACE ThreadId(12) adding file "config.bin"
2023-02-22T17:01:16.539385Z TRACE ThreadId(25) adding file "config.bin"
2023-02-22T17:01:16.539429Z TRACE ThreadId(27) adding file "XEH_preInit.sqf"
2023-02-22T17:01:16.539500Z TRACE ThreadId(04) adding file "initSettings.sqf"
2023-02-22T17:01:16.539512Z TRACE ThreadId(29) adding file "config.bin"
2023-02-22T17:01:16.539554Z TRACE ThreadId(07) adding file "script_version.hpp"
2023-02-22T17:01:16.539666Z TRACE ThreadId(17) adding file "CfgGroups.hpp"
2023-02-22T17:01:16.539709Z TRACE ThreadId(16) adding file "ACE_Medical_Actions.hpp"
2023-02-22T17:01:16.539779Z TRACE ThreadId(13) adding file "README.md"
2023-02-22T17:01:16.539802Z TRACE ThreadId(19) adding file "CfgEventHandlers.hpp"
2023-02-22T17:01:16.539815Z TRACE ThreadId(20) adding file "CfgEventHandlers.hpp"
2023-02-22T17:01:16.539883Z TRACE ThreadId(02) adding file "config.bin"
2023-02-22T17:01:16.539903Z TRACE ThreadId(25) adding file "CfgEventHandlers.hpp"
2023-02-22T17:01:16.539904Z TRACE ThreadId(15) adding file "script_component.hpp"
2023-02-22T17:01:16.539965Z TRACE ThreadId(03) adding file "XEH_postInitClient.sqf"
2023-02-22T17:01:16.539980Z TRACE ThreadId(21) adding file "CfgAnimationSourceSounds.hpp"
2023-02-22T17:01:16.540014Z TRACE ThreadId(13) adding file "config.bin"
2023-02-22T17:01:16.540056Z TRACE ThreadId(29) adding file "CfgEventHandlers.hpp"
2023-02-22T17:01:16.540073Z TRACE ThreadId(24) adding file "CfgDifficultyPresets.hpp"
2023-02-22T17:01:16.540132Z TRACE ThreadId(11) adding file "XEH_PREP.hpp"
2023-02-22T17:01:16.540182Z TRACE ThreadId(27) adding file "XEH_PREP.hpp"
2023-02-22T17:01:16.540183Z TRACE ThreadId(10) adding file "script_component.hpp"
2023-02-22T17:01:16.540253Z TRACE ThreadId(04) adding file "CfgEventHandlers.hpp"
2023-02-22T17:01:16.540303Z TRACE ThreadId(18) adding file "XEH_preInit.sqf"
2023-02-22T17:01:16.540309Z TRACE ThreadId(07) adding file "script_macros.hpp"
2023-02-22T17:01:16.540348Z TRACE ThreadId(24) adding file "config.bin"
2023-02-22T17:01:16.540381Z TRACE ThreadId(02) adding file "CfgAmmo.hpp"
2023-02-22T17:01:16.540473Z TRACE ThreadId(26) adding file "script_component.hpp"
2023-02-22T17:01:16.540511Z TRACE ThreadId(19) adding file "config.bin"
2023-02-22T17:01:16.540522Z TRACE ThreadId(13) adding file "CfgVehicles.hpp"
2023-02-22T17:01:16.540628Z TRACE ThreadId(15) adding file "XEH_PREP.hpp"
2023-02-22T17:01:16.540677Z TRACE ThreadId(28) adding file "CfgVehicles.hpp"
2023-02-22T17:01:16.540684Z TRACE ThreadId(03) adding file "CfgEventHandlers.hpp"
2023-02-22T17:01:16.540686Z TRACE ThreadId(21) adding file "CfgEventHandlers.hpp"
2023-02-22T17:01:16.540739Z TRACE ThreadId(09) adding file "XEH_preStart.sqf"
2023-02-22T17:01:16.540746Z TRACE ThreadId(14) adding file "CfgVehicles.hpp"
2023-02-22T17:01:16.540787Z TRACE ThreadId(12) adding file "XEH_postInitClient.sqf"
2023-02-22T17:01:16.540836Z TRACE ThreadId(05) adding file "XEH_postInit.sqf"
2023-02-22T17:01:16.540843Z TRACE ThreadId(11) adding file "CfgEventHandlers.hpp"
2023-02-22T17:01:16.540861Z TRACE ThreadId(24) adding file "script_component.hpp"
2023-02-22T17:01:16.540898Z TRACE ThreadId(10) adding file "CfgMagazines.hpp"
2023-02-22T17:01:16.540882Z TRACE ThreadId(27) adding file "CfgEventHandlers.hpp"
2023-02-22T17:01:16.540948Z TRACE ThreadId(08) adding file "script_component.hpp"
2023-02-22T17:01:16.540961Z TRACE ThreadId(21) adding file "config.bin"
2023-02-22T17:01:16.540973Z TRACE ThreadId(04) adding file "script_component.hpp"
2023-02-22T17:01:16.541071Z TRACE ThreadId(07) adding file "config.bin"
2023-02-22T17:01:16.541097Z TRACE ThreadId(20) adding file "XEH_postInitServer.sqf"
2023-02-22T17:01:16.541100Z TRACE ThreadId(06) adding file "CfgWeapons.hpp"
2023-02-22T17:01:16.541116Z TRACE ThreadId(25) adding file "XEH_postInit.sqf"
2023-02-22T17:01:16.541156Z TRACE ThreadId(02) adding file "script_component.hpp"
2023-02-22T17:01:16.541414Z TRACE ThreadId(15) adding file "CfgEventHandlers.hpp"
2023-02-22T17:01:16.541546Z TRACE ThreadId(21) adding file "CfgVehicles.hpp"
2023-02-22T17:01:16.541568Z TRACE ThreadId(19) adding file "script_component.hpp"
2023-02-22T17:01:16.541619Z TRACE ThreadId(09) adding file "script_component.hpp"
2023-02-22T17:01:16.541634Z TRACE ThreadId(16) adding file "XEH_postInit.sqf"
2023-02-22T17:01:16.541664Z TRACE ThreadId(18) adding file "script_component.hpp"
2023-02-22T17:01:16.541686Z TRACE ThreadId(12) adding file "CfgEventHandlers.hpp"
2023-02-22T17:01:16.541703Z TRACE ThreadId(07) adding file "script_component.hpp"
2023-02-22T17:01:16.541707Z TRACE ThreadId(15) adding file "config.bin"
2023-02-22T17:01:16.541783Z TRACE ThreadId(05) adding file "initSettings.sqf"
2023-02-22T17:01:16.541813Z TRACE ThreadId(10) adding file "CfgWeapons.hpp"
2023-02-22T17:01:16.541822Z TRACE ThreadId(24) adding file "CfgSurfaces.hpp"
2023-02-22T17:01:16.541833Z TRACE ThreadId(27) adding file "XEH_postInit.sqf"
2023-02-22T17:01:16.541842Z TRACE ThreadId(11) adding file "XEH_preStart.sqf"
2023-02-22T17:01:16.541853Z TRACE ThreadId(26) adding file "CfgEventHandlers.hpp"
2023-02-22T17:01:16.541883Z TRACE ThreadId(08) adding file "XEH_preInit.sqf"
2023-02-22T17:01:16.541906Z TRACE ThreadId(04) adding file "XEH_postInitServer.sqf"
2023-02-22T17:01:16.541938Z TRACE ThreadId(29) adding file "XEH_postInitClient.sqf"
2023-02-22T17:01:16.542041Z TRACE ThreadId(25) adding file "XEH_preInit.sqf"
2023-02-22T17:01:16.542042Z TRACE ThreadId(13) adding file "script_component.hpp"
2023-02-22T17:01:16.542127Z TRACE ThreadId(11) adding file "config.bin"
2023-02-22T17:01:16.542147Z TRACE ThreadId(20) adding file "XEH_preInit.sqf"
2023-02-22T17:01:16.542153Z TRACE ThreadId(10) adding file "config.bin"
2023-02-22T17:01:16.542360Z TRACE ThreadId(15) adding file "stringtable.xml"
2023-02-22T17:01:16.542397Z TRACE ThreadId(21) adding file "XEH_postInit.sqf"
2023-02-22T17:01:16.542420Z TRACE ThreadId(19) adding file "XEH_postInit.sqf"
2023-02-22T17:01:16.542450Z TRACE ThreadId(09) adding file "XEH_PREP.hpp"
2023-02-22T17:01:16.542497Z TRACE ThreadId(16) adding file "XEH_preInit.sqf"
2023-02-22T17:01:16.542533Z TRACE ThreadId(12) adding file "script_component.hpp"
2023-02-22T17:01:16.542558Z TRACE ThreadId(18) adding file "CfgEventHandlers.hpp"
2023-02-22T17:01:16.542602Z TRACE ThreadId(06) adding file "weapons\\milgp.hpp"
2023-02-22T17:01:16.542615Z TRACE ThreadId(05) adding file "XEH_PREP.hpp"
2023-02-22T17:01:16.542686Z TRACE ThreadId(27) adding file "config.bin"
2023-02-22T17:01:16.542721Z TRACE ThreadId(11) adding file "XEH_preInit.sqf"
2023-02-22T17:01:16.542756Z TRACE ThreadId(09) adding file "config.bin"
2023-02-22T17:01:16.542762Z TRACE ThreadId(16) adding file "config.bin"
2023-02-22T17:01:16.542790Z TRACE ThreadId(10) adding file "CfgVehicles.hpp"
2023-02-22T17:01:16.542817Z TRACE ThreadId(04) adding file "XEH_preStart.sqf"
2023-02-22T17:01:16.542835Z TRACE ThreadId(18) adding file "config.bin"
2023-02-22T17:01:16.542864Z TRACE ThreadId(29) adding file "XEH_preInit.sqf"
2023-02-22T17:01:16.542895Z TRACE ThreadId(25) adding file "XEH_preStart.sqf"
2023-02-22T17:01:16.543053Z TRACE ThreadId(20) adding file "script_component.hpp"
2023-02-22T17:01:16.543144Z TRACE ThreadId(07) adding file "script_mod.hpp"
2023-02-22T17:01:16.543242Z TRACE ThreadId(27) adding file "script_component.hpp"
2023-02-22T17:01:16.543275Z TRACE ThreadId(24) adding file "CfgAISkill.hpp"
2023-02-22T17:01:16.543276Z TRACE ThreadId(19) adding file "XEH_postInitClient.sqf"
2023-02-22T17:01:16.543345Z TRACE ThreadId(16) adding file "CfgVehicles.hpp"
2023-02-22T17:01:16.543384Z TRACE ThreadId(20) adding file "config.bin"
2023-02-22T17:01:16.543398Z TRACE ThreadId(26) adding file "textures\\medicSimple_white.paa"
2023-02-22T17:01:16.543403Z TRACE ThreadId(12) adding file "XEH_preInit.sqf"
2023-02-22T17:01:16.543472Z TRACE ThreadId(06) adding file "weapons\\ws.hpp"
2023-02-22T17:01:16.543493Z TRACE ThreadId(05) adding file "XEH_preInit.sqf"
2023-02-22T17:01:16.543703Z TRACE ThreadId(04) adding file "CfgVehicles.hpp"
2023-02-22T17:01:16.543722Z TRACE ThreadId(25) adding file "script_component.hpp"
2023-02-22T17:01:16.543766Z TRACE ThreadId(05) adding file "config.bin"
2023-02-22T17:01:16.543828Z TRACE ThreadId(21) adding file "XEH_PREP.hpp"
2023-02-22T17:01:16.543833Z TRACE ThreadId(08) adding file "XEH_postInit.sqf"
2023-02-22T17:01:16.543887Z TRACE ThreadId(20) adding file "XEH_postInitClient.sqf"
2023-02-22T17:01:16.543887Z TRACE ThreadId(09) adding file "XEH_postInit.sqf"
2023-02-22T17:01:16.544024Z TRACE ThreadId(27) adding file "CfgVehicles.hpp"
2023-02-22T17:01:16.544068Z TRACE ThreadId(08) adding file "config.bin"
2023-02-22T17:01:16.544092Z TRACE ThreadId(19) adding file "XEH_postInitServer.sqf"
2023-02-22T17:01:16.544152Z TRACE ThreadId(16) adding file "CfgEventHandlers.hpp"
2023-02-22T17:01:16.544171Z TRACE ThreadId(12) adding file "XEH_PREP.hpp"
2023-02-22T17:01:16.544193Z TRACE ThreadId(26) adding file "textures\\yurik.paa"
2023-02-22T17:01:16.544252Z TRACE ThreadId(05) adding file "XEH_preStart.sqf"
2023-02-22T17:01:16.544261Z TRACE ThreadId(06) adding file "weapons\\cup.hpp"
2023-02-22T17:01:16.544288Z TRACE ThreadId(15) adding file "XEH_postInit.sqf"
2023-02-22T17:01:16.544328Z TRACE ThreadId(02) adding file "weapons\\bnae.hpp"
2023-02-22T17:01:16.544412Z TRACE ThreadId(07) adding file "ui\\synixe_ca.paa"
2023-02-22T17:01:16.544433Z TRACE ThreadId(25) adding file "XEH_PREP.hpp"
2023-02-22T17:01:16.544499Z TRACE ThreadId(08) adding file "XEH_PREP.hpp"
2023-02-22T17:01:16.544588Z TRACE ThreadId(29) adding file "XEH_PREP.hpp"
2023-02-22T17:01:16.544680Z TRACE ThreadId(27) adding file "XEH_preStart.sqf"
2023-02-22T17:01:16.544752Z TRACE ThreadId(19) adding file "XEH_preInit.sqf"
2023-02-22T17:01:16.544781Z TRACE ThreadId(16) adding file "CfgWeapons.hpp"
2023-02-22T17:01:16.544809Z TRACE ThreadId(04) adding file "stringtable.xml"
2023-02-22T17:01:16.544845Z TRACE ThreadId(26) adding file "textures\\medic.paa"
2023-02-22T17:01:16.544968Z TRACE ThreadId(09) adding file "CfgEventHandlers.hpp"
2023-02-22T17:01:16.544982Z TRACE ThreadId(02) adding file "weapons\\bnae_ItemInfo.hpp"
2023-02-22T17:01:16.545032Z TRACE ThreadId(08) adding file "CfgEventHandlers.hpp"
2023-02-22T17:01:16.545157Z TRACE ThreadId(29) adding file "CfgVehicles.hpp"
2023-02-22T17:01:16.545191Z TRACE ThreadId(19) adding file "XEH_PREP.hpp"
2023-02-22T17:01:16.545228Z TRACE ThreadId(05) adding file "script_component.hpp"
2023-02-22T17:01:16.545259Z TRACE ThreadId(16) adding file "script_component.hpp"
2023-02-22T17:01:16.545267Z TRACE ThreadId(26) adding file "textures\\miller.paa"
2023-02-22T17:01:16.545232Z TRACE ThreadId(21) adding file "XEH_preStart.sqf"
2023-02-22T17:01:16.545423Z TRACE ThreadId(04) adding file "XEH_PREP.hpp"
2023-02-22T17:01:16.545425Z TRACE ThreadId(25) adding file "functions\\script_component.hpp"
2023-02-22T17:01:16.545520Z TRACE ThreadId(02) adding file "weapons\\ws.hpp"
2023-02-22T17:01:16.545621Z TRACE ThreadId(04) adding file "config.bin"
2023-02-22T17:01:16.545679Z TRACE ThreadId(11) adding file "functions\\script_component.hpp"
2023-02-22T17:01:16.545692Z TRACE ThreadId(29) adding file "XEH_preStart.sqf"
2023-02-22T17:01:16.545731Z TRACE ThreadId(08) adding file "functions\\fnc_bindCondition.sqf"
2023-02-22T17:01:16.545796Z TRACE ThreadId(09) adding file "stringtable.xml"
2023-02-22T17:01:16.545814Z TRACE ThreadId(19) adding file "XEH_preStart.sqf"
2023-02-22T17:01:16.545833Z TRACE ThreadId(16) adding file "stringtable.xml"
2023-02-22T17:01:16.545883Z TRACE ThreadId(25) adding file "functions\\fnc_onMarkerCreated.sqf"
2023-02-22T17:01:16.545905Z TRACE ThreadId(26) adding file "textures\\jacob_ca.paa"
2023-02-22T17:01:16.545971Z TRACE ThreadId(12) adding file "functions\\fnc_caliberCache.sqf"
2023-02-22T17:01:16.546021Z TRACE ThreadId(05) adding file "ui\\RscAttributes.hpp"
2023-02-22T17:01:16.546051Z TRACE ThreadId(15) adding file "functions\\script_component.hpp"
2023-02-22T17:01:16.546189Z TRACE ThreadId(11) adding file "functions\\fnc_isISR.sqf"
2023-02-22T17:01:16.546218Z TRACE ThreadId(08) adding file "functions\\fnc_bindWarn.sqf"
2023-02-22T17:01:16.546287Z TRACE ThreadId(09) adding file "CfgWeapons.hpp"
2023-02-22T17:01:16.546319Z TRACE ThreadId(21) adding file "script_component.hpp"
2023-02-22T17:01:16.546455Z TRACE ThreadId(26) adding file "textures\\medicsimple_black.paa"
2023-02-22T17:01:16.546459Z TRACE ThreadId(25) adding file "functions\\fnc_onTeamChanged.sqf"
2023-02-22T17:01:16.546525Z TRACE ThreadId(12) adding file "functions\\fnc_shake.sqf"
2023-02-22T17:01:16.546633Z TRACE ThreadId(15) adding file "functions\\fnc_getAllRadios.sqf"
2023-02-22T17:01:16.546732Z TRACE ThreadId(04) adding file "functions\\fnc_moveInventory.sqf"
2023-02-22T17:01:16.546754Z TRACE ThreadId(11) adding file "functions\\fnc_perFrameHandler.sqf"
2023-02-22T17:01:16.546775Z TRACE ThreadId(19) adding file "functions\\fnc_autoFries.sqf"
2023-02-22T17:01:16.546776Z TRACE ThreadId(16) adding file "ui\\painkillers_icon_ca.paa"
2023-02-22T17:01:16.546798Z TRACE ThreadId(08) adding file "functions\\fnc_openKeybinding.sqf"
2023-02-22T17:01:16.546823Z TRACE ThreadId(21) adding file "README.md"
2023-02-22T17:01:16.546838Z TRACE ThreadId(27) adding file "functions\\script_component.hpp"
2023-02-22T17:01:16.546866Z TRACE ThreadId(29) adding file "ui\\screen_co.paa"
2023-02-22T17:01:16.546935Z TRACE ThreadId(05) adding file "functions\\fnc_handleDisplayClosed.sqf"
2023-02-22T17:01:16.546937Z TRACE ThreadId(26) adding file "textures\\medicsimple_green.paa"
2023-02-22T17:01:16.546972Z TRACE ThreadId(12) adding file "functions\\fnc_firedPlayer.sqf"
2023-02-22T17:01:16.547103Z TRACE ThreadId(08) adding file "functions\\script_component.hpp"
2023-02-22T17:01:16.547108Z TRACE ThreadId(21) adding file "stringtable.xml"
2023-02-22T17:01:16.547113Z TRACE ThreadId(16) adding file "ui\\painkillers_inventory_ca.paa"
2023-02-22T17:01:16.547158Z TRACE ThreadId(19) adding file "functions\\fnc_browser.sqf"
2023-02-22T17:01:16.547176Z TRACE ThreadId(04) adding file "functions\\fnc_saveDroppedWeapons.sqf"
2023-02-22T17:01:16.547205Z TRACE ThreadId(27) adding file "functions\\fnc_action_canSwapBattery.sqf"
2023-02-22T17:01:16.547269Z TRACE ThreadId(09) adding file "functions\\fnc_cutDownTree.sqf"
2023-02-22T17:01:16.547321Z TRACE ThreadId(05) adding file "functions\\fnc_handleLoadoutsDisplayClosed.sqf"
2023-02-22T17:01:16.547375Z TRACE ThreadId(26) adding file "textures\\medicSimple_tan.paa"
2023-02-22T17:01:16.547410Z TRACE ThreadId(12) adding file "functions\\script_component.hpp"
2023-02-22T17:01:16.547506Z TRACE ThreadId(29) adding file "functions\\script_component.hpp"
2023-02-22T17:01:16.547536Z TRACE ThreadId(19) adding file "functions\\fnc_createPlayerMarker.sqf"
2023-02-22T17:01:16.547543Z TRACE ThreadId(16) adding file "ui\\txa_inventory_ca.paa"
2023-02-22T17:01:16.547593Z TRACE ThreadId(04) adding file "functions\\script_component.hpp"
2023-02-22T17:01:16.547618Z TRACE ThreadId(09) adding file "functions\\script_component.hpp"
2023-02-22T17:01:16.547619Z TRACE ThreadId(27) adding file "functions\\fnc_action_canAssemble.sqf"
2023-02-22T17:01:16.547661Z TRACE ThreadId(05) adding file "functions\\fnc_countItem.sqf"
2023-02-22T17:01:16.547748Z TRACE ThreadId(26) adding file "textures\\carson.paa"
2023-02-22T17:01:16.547809Z TRACE ThreadId(12) adding file "functions\\fnc_fired.sqf"
2023-02-22T17:01:16.547846Z TRACE ThreadId(21) adding file "functions\\fnc_addConfigCountdownTimes.sqf"
2023-02-22T17:01:16.547856Z TRACE ThreadId(29) adding file "functions\\fnc_initModules.sqf"
2023-02-22T17:01:16.547862Z TRACE ThreadId(19) adding file "functions\\fnc_screenshot.sqf"
2023-02-22T17:01:16.547940Z TRACE ThreadId(09) adding file "functions\\fnc_findTrunk.sqf"
2023-02-22T17:01:16.547977Z TRACE ThreadId(27) adding file "functions\\fnc_assemble.sqf"
2023-02-22T17:01:16.548008Z TRACE ThreadId(05) adding file "functions\\fnc_getMissingGear.sqf"
2023-02-22T17:01:16.548035Z TRACE ThreadId(26) adding file "textures\\goingtodie.paa"
2023-02-22T17:01:16.548083Z TRACE ThreadId(21) adding file "functions\\fnc_checkConfig.sqf"
2023-02-22T17:01:16.548177Z TRACE ThreadId(19) adding file "functions\\fnc_modal.sqf"
2023-02-22T17:01:16.548201Z TRACE ThreadId(09) adding file "functions\\fnc_interactEH.sqf"
2023-02-22T17:01:16.548230Z TRACE ThreadId(27) adding file "functions\\fnc_swapBattery.sqf"
2023-02-22T17:01:16.548257Z TRACE ThreadId(05) adding file "functions\\fnc_getSpecialGear.sqf"
2023-02-22T17:01:16.548276Z TRACE ThreadId(26) adding file "textures\\jay.paa"
2023-02-22T17:01:16.548308Z TRACE ThreadId(21) adding file "functions\\fnc_popupPFH.sqf"
2023-02-22T17:01:16.548457Z TRACE ThreadId(09) adding file "functions\\fnc_checkCutDown.sqf"
2023-02-22T17:01:16.548479Z TRACE ThreadId(19) adding file "functions\\fnc_findRoles.sqf"
2023-02-22T17:01:16.548489Z TRACE ThreadId(27) adding file "functions\\fnc_pack.sqf"
2023-02-22T17:01:16.548505Z TRACE ThreadId(05) adding file "functions\\fnc_handleDisplayOpened.sqf"
2023-02-22T17:01:16.548547Z TRACE ThreadId(21) adding file "functions\\fnc_setConfigMode.sqf"
2023-02-22T17:01:16.548576Z TRACE ThreadId(26) adding file "textures\\gabe.paa"
2023-02-22T17:01:16.548715Z TRACE ThreadId(19) adding file "functions\\fnc_screenshotMode.sqf"
2023-02-22T17:01:16.548770Z TRACE ThreadId(27) adding file "functions\\fnc_action_insertChildren.sqf"
2023-02-22T17:01:16.548780Z TRACE ThreadId(21) adding file "functions\\fnc_configure.sqf"
2023-02-22T17:01:16.548843Z TRACE ThreadId(26) adding file "textures\\medicsimple_sage.paa"
2023-02-22T17:01:16.548845Z TRACE ThreadId(05) adding file "functions\\fnc_handleLoadoutsDisplayOpened.sqf"
2023-02-22T17:01:16.548879Z TRACE ThreadId(09) adding file "ui\\action_axe_ca.paa"
2023-02-22T17:01:16.548954Z TRACE ThreadId(19) adding file "functions\\fnc_onModalOpen.sqf"
2023-02-22T17:01:16.549047Z TRACE ThreadId(21) adding file "functions\\fnc_setTargetGroups.sqf"
2023-02-22T17:01:16.549106Z TRACE ThreadId(26) adding file "textures\\medicsimple_mtp.paa"
2023-02-22T17:01:16.549119Z TRACE ThreadId(09) adding file "ui\\item_axe_ca.paa"
2023-02-22T17:01:16.549145Z TRACE ThreadId(05) adding file "functions\\fnc_handleLoadout.sqf"
2023-02-22T17:01:16.549210Z TRACE ThreadId(19) adding file "functions\\script_component.hpp"
2023-02-22T17:01:16.549290Z TRACE ThreadId(21) adding file "functions\\fnc_stop.sqf"
2023-02-22T17:01:16.549316Z TRACE ThreadId(26) adding file "textures\\matias.paa"
2023-02-22T17:01:16.549376Z TRACE ThreadId(05) adding file "functions\\script_component.hpp"
2023-02-22T17:01:16.549479Z TRACE ThreadId(19) adding file "functions\\fnc_onModalClose.sqf"
2023-02-22T17:01:16.549531Z TRACE ThreadId(21) adding file "functions\\fnc_textsIntoLocalizedString.sqf"
2023-02-22T17:01:16.549546Z TRACE ThreadId(09) adding file "sound\\chop_12.ogg"
2023-02-22T17:01:16.549580Z TRACE ThreadId(26) adding file "textures\\arsey.paa"
2023-02-22T17:01:16.549757Z TRACE ThreadId(21) adding file "functions\\fnc_triggerPopup.sqf"
2023-02-22T17:01:16.549772Z TRACE ThreadId(09) adding file "sound\\chop_17.ogg"
2023-02-22T17:01:16.549837Z TRACE ThreadId(19) adding file "ui\\RscModal.hpp"
2023-02-22T17:01:16.549935Z TRACE ThreadId(09) adding file "sound\\chop_18.ogg"
2023-02-22T17:01:16.549940Z TRACE ThreadId(21) adding file "functions\\fnc_setConfigDuration.sqf"
2023-02-22T17:01:16.550109Z TRACE ThreadId(09) adding file "sound\\chop_23.ogg"
2023-02-22T17:01:16.550127Z TRACE ThreadId(21) adding file "functions\\script_component.hpp"
2023-02-22T17:01:16.550274Z TRACE ThreadId(09) adding file "sound\\chop_1.ogg"
2023-02-22T17:01:16.550296Z TRACE ThreadId(21) adding file "functions\\fnc_canActivateTrigger.sqf"
2023-02-22T17:01:16.550441Z TRACE ThreadId(09) adding file "sound\\chop_2.ogg"
2023-02-22T17:01:16.550476Z TRACE ThreadId(21) adding file "functions\\fnc_addConfigTargetAmounts.sqf"
2023-02-22T17:01:16.550620Z TRACE ThreadId(09) adding file "sound\\chop_26.ogg"
2023-02-22T17:01:16.550681Z TRACE ThreadId(21) adding file "functions\\fnc_handleHitPart.sqf"
2023-02-22T17:01:16.550800Z TRACE ThreadId(09) adding file "sound\\chop_15.ogg"
2023-02-22T17:01:16.550877Z TRACE ThreadId(21) adding file "functions\\fnc_notifyVicinity.sqf"
2023-02-22T17:01:16.550951Z TRACE ThreadId(09) adding file "sound\\chop_5.ogg"
2023-02-22T17:01:16.551047Z TRACE ThreadId(21) adding file "functions\\fnc_create.sqf"
2023-02-22T17:01:16.551121Z TRACE ThreadId(09) adding file "sound\\chop_14.ogg"
2023-02-22T17:01:16.551218Z TRACE ThreadId(21) adding file "functions\\fnc_playSoundSignal.sqf"
2023-02-22T17:01:16.551296Z TRACE ThreadId(09) adding file "sound\\chop_24.ogg"
2023-02-22T17:01:16.551383Z TRACE ThreadId(21) adding file "functions\\fnc_start.sqf"
2023-02-22T17:01:16.551466Z TRACE ThreadId(09) adding file "sound\\chop_7.ogg"
2023-02-22T17:01:16.551543Z TRACE ThreadId(21) adding file "functions\\fnc_setConfigPauseDuration.sqf"
2023-02-22T17:01:16.551654Z TRACE ThreadId(09) adding file "sound\\chop_8.ogg"
2023-02-22T17:01:16.551752Z TRACE ThreadId(21) adding file "functions\\fnc_addConfigPauseDurations.sqf"
2023-02-22T17:01:16.551826Z TRACE ThreadId(09) adding file "sound\\chop_21.ogg"
2023-02-22T17:01:16.551923Z TRACE ThreadId(21) adding file "functions\\fnc_addConfigDurations.sqf"
2023-02-22T17:01:16.551966Z TRACE ThreadId(09) adding file "sound\\chop_3.ogg"
2023-02-22T17:01:16.552104Z TRACE ThreadId(21) adding file "functions\\fnc_isTargetDown.sqf"
2023-02-22T17:01:16.552124Z TRACE ThreadId(09) adding file "sound\\chop_20.ogg"
2023-02-22T17:01:16.552286Z TRACE ThreadId(21) adding file "functions\\fnc_animateTarget.sqf"
2023-02-22T17:01:16.552307Z TRACE ThreadId(09) adding file "sound\\chop_6.ogg"
2023-02-22T17:01:16.552438Z TRACE ThreadId(21) adding file "functions\\fnc_getTargetAnimations.sqf"
2023-02-22T17:01:16.552477Z TRACE ThreadId(09) adding file "sound\\chop_4.ogg"
2023-02-22T17:01:16.552639Z TRACE ThreadId(09) adding file "sound\\chop_9.ogg"
2023-02-22T17:01:16.552659Z TRACE ThreadId(21) adding file "functions\\fnc_setConfigTargetAmount.sqf"
2023-02-22T17:01:16.552848Z TRACE ThreadId(09) adding file "sound\\chop_25.ogg"
2023-02-22T17:01:16.552881Z TRACE ThreadId(21) adding file "functions\\fnc_popupPFHexit.sqf"
2023-02-22T17:01:16.553109Z TRACE ThreadId(09) adding file "sound\\chop_22.ogg"
2023-02-22T17:01:16.553117Z TRACE ThreadId(21) adding file "functions\\fnc_setConfigCountdownTime.sqf"
2023-02-22T17:01:16.553320Z TRACE ThreadId(21) adding file "functions\\fnc_moduleInit.sqf"
2023-02-22T17:01:16.553349Z TRACE ThreadId(09) adding file "sound\\chop_11.ogg"
2023-02-22T17:01:16.553578Z TRACE ThreadId(09) adding file "sound\\chop_10.ogg"
2023-02-22T17:01:16.553690Z TRACE ThreadId(21) adding file "UI\\Icon_Module_ShootingRange_ca.paa"
2023-02-22T17:01:16.553787Z TRACE ThreadId(09) adding file "sound\\chop_16.ogg"
2023-02-22T17:01:16.553957Z TRACE ThreadId(09) adding file "sound\\chop_19.ogg"
2023-02-22T17:01:16.554114Z TRACE ThreadId(09) adding file "sound\\chop_13.ogg"
2023-02-22T17:01:16.556479Z  INFO ThreadId(01) Built 26 PBOs
2023-02-22T17:01:16.556489Z TRACE ThreadId(01) phase: build (done)
2023-02-22T17:01:16.556492Z TRACE ThreadId(01) phase: post_build (start)
2023-02-22T17:01:16.556495Z TRACE ThreadId(01) phase: post_build (Sign) (start)
2023-02-22T17:01:16.556498Z TRACE ThreadId(01) phase: post_build (Sign) (done)
2023-02-22T17:01:16.556502Z TRACE ThreadId(01) phase: post_build (sqf) (start)
2023-02-22T17:01:16.556505Z TRACE ThreadId(01) phase: post_build (sqf) (done)
2023-02-22T17:01:16.556507Z TRACE ThreadId(01) phase: post_build (Rapifier) (start)
2023-02-22T17:01:16.556510Z TRACE ThreadId(01) phase: post_build (Rapifier) (done)
2023-02-22T17:01:16.556513Z TRACE ThreadId(01) phase: post_build (Binarize) (start)
2023-02-22T17:01:16.556515Z TRACE ThreadId(01) phase: post_build (Binarize) (done)
2023-02-22T17:01:16.556517Z TRACE ThreadId(01) phase: post_build (Hooks) (start)
2023-02-22T17:01:16.556520Z TRACE ThreadId(01) phase: post_build (Hooks) (done)
2023-02-22T17:01:16.556522Z TRACE ThreadId(01) phase: post_build (ArmaScriptCompiler) (start)
2023-02-22T17:01:16.556525Z TRACE ThreadId(01) phase: post_build (ArmaScriptCompiler) (done)
2023-02-22T17:01:16.556527Z TRACE ThreadId(01) phase: post_build (Files) (start)
2023-02-22T17:01:16.557971Z DEBUG ThreadId(01) copying "/LICENSE" => "P:\\arma\\Synixe Contractors\\synixe_tweaks\\.hemttout\\release\\LICENSE"
2023-02-22T17:01:17.625839Z DEBUG ThreadId(01) copying "/logo_ca.paa" => "P:\\arma\\Synixe Contractors\\synixe_tweaks\\.hemttout\\release\\logo_ca.paa"
2023-02-22T17:01:20.794546Z DEBUG ThreadId(01) copying "/mod.cpp" => "P:\\arma\\Synixe Contractors\\synixe_tweaks\\.hemttout\\release\\mod.cpp"
2023-02-22T17:01:21.855492Z DEBUG ThreadId(01) copying "/synixe_x64.dll" => "P:\\arma\\Synixe Contractors\\synixe_tweaks\\.hemttout\\release\\synixe_x64.dll"
2023-02-22T17:01:22.928000Z  INFO ThreadId(01) Copied 4 files
2023-02-22T17:01:22.928023Z TRACE ThreadId(01) phase: post_build (Files) (done)
2023-02-22T17:01:22.928030Z TRACE ThreadId(01) phase: post_build (done)
2023-02-22T17:01:22.928037Z TRACE ThreadId(01) phase: pre_release (start)
2023-02-22T17:01:22.928043Z TRACE ThreadId(01) phase: pre_release (Sign) (start)
2023-02-22T17:01:22.936920Z DEBUG ThreadId(01) signing "P:\\arma\\Synixe Contractors\\synixe_tweaks\\.hemttout\\release\\addons\\synixe_ace_ballistics.pbo.synixe_5.0.0-1a415512.bisign"
2023-02-22T17:01:22.939098Z DEBUG ThreadId(01) signing "P:\\arma\\Synixe Contractors\\synixe_tweaks\\.hemttout\\release\\addons\\synixe_ace_hearing.pbo.synixe_5.0.0-1a415512.bisign"
2023-02-22T17:01:22.941314Z DEBUG ThreadId(01) signing "P:\\arma\\Synixe Contractors\\synixe_tweaks\\.hemttout\\release\\addons\\synixe_acre.pbo.synixe_5.0.0-1a415512.bisign"
2023-02-22T17:01:22.944034Z DEBUG ThreadId(01) signing "P:\\arma\\Synixe Contractors\\synixe_tweaks\\.hemttout\\release\\addons\\synixe_arsenal.pbo.synixe_5.0.0-1a415512.bisign"
2023-02-22T17:01:22.947251Z DEBUG ThreadId(01) signing "P:\\arma\\Synixe Contractors\\synixe_tweaks\\.hemttout\\release\\addons\\synixe_axe.pbo.synixe_5.0.0-1a415512.bisign"
2023-02-22T17:01:22.952074Z DEBUG ThreadId(01) signing "P:\\arma\\Synixe Contractors\\synixe_tweaks\\.hemttout\\release\\addons\\synixe_base.pbo.synixe_5.0.0-1a415512.bisign"
2023-02-22T17:01:22.954277Z DEBUG ThreadId(01) signing "P:\\arma\\Synixe Contractors\\synixe_tweaks\\.hemttout\\release\\addons\\synixe_bodybag.pbo.synixe_5.0.0-1a415512.bisign"
2023-02-22T17:01:22.956815Z DEBUG ThreadId(01) signing "P:\\arma\\Synixe Contractors\\synixe_tweaks\\.hemttout\\release\\addons\\synixe_camshake.pbo.synixe_5.0.0-1a415512.bisign"
2023-02-22T17:01:22.959436Z DEBUG ThreadId(01) signing "P:\\arma\\Synixe Contractors\\synixe_tweaks\\.hemttout\\release\\addons\\synixe_common.pbo.synixe_5.0.0-1a415512.bisign"
2023-02-22T17:01:22.961959Z DEBUG ThreadId(01) signing "P:\\arma\\Synixe Contractors\\synixe_tweaks\\.hemttout\\release\\addons\\synixe_cup_hide_duplicates.pbo.synixe_5.0.0-1a415512.bisign"
2023-02-22T17:01:22.964122Z DEBUG ThreadId(01) signing "P:\\arma\\Synixe Contractors\\synixe_tweaks\\.hemttout\\release\\addons\\synixe_cup_units_nouniformrestrictions.pbo.synixe_5.0.0-1a415512.bisign"
2023-02-22T17:01:22.966130Z DEBUG ThreadId(01) signing "P:\\arma\\Synixe Contractors\\synixe_tweaks\\.hemttout\\release\\addons\\synixe_cup_vehicles_acre_racks.pbo.synixe_5.0.0-1a415512.bisign"
2023-02-22T17:01:22.968213Z DEBUG ThreadId(01) signing "P:\\arma\\Synixe Contractors\\synixe_tweaks\\.hemttout\\release\\addons\\synixe_difficulty.pbo.synixe_5.0.0-1a415512.bisign"
2023-02-22T17:01:22.970309Z DEBUG ThreadId(01) signing "P:\\arma\\Synixe Contractors\\synixe_tweaks\\.hemttout\\release\\addons\\synixe_fatigue.pbo.synixe_5.0.0-1a415512.bisign"
2023-02-22T17:01:22.972496Z DEBUG ThreadId(01) signing "P:\\arma\\Synixe Contractors\\synixe_tweaks\\.hemttout\\release\\addons\\synixe_gunner.pbo.synixe_5.0.0-1a415512.bisign"
2023-02-22T17:01:22.975004Z DEBUG ThreadId(01) signing "P:\\arma\\Synixe Contractors\\synixe_tweaks\\.hemttout\\release\\addons\\synixe_insignia.pbo.synixe_5.0.0-1a415512.bisign"
2023-02-22T17:01:22.978341Z DEBUG ThreadId(01) signing "P:\\arma\\Synixe Contractors\\synixe_tweaks\\.hemttout\\release\\addons\\synixe_main.pbo.synixe_5.0.0-1a415512.bisign"
2023-02-22T17:01:22.980608Z DEBUG ThreadId(01) signing "P:\\arma\\Synixe Contractors\\synixe_tweaks\\.hemttout\\release\\addons\\synixe_medical.pbo.synixe_5.0.0-1a415512.bisign"
2023-02-22T17:01:22.982886Z DEBUG ThreadId(01) signing "P:\\arma\\Synixe Contractors\\synixe_tweaks\\.hemttout\\release\\addons\\synixe_rejoin.pbo.synixe_5.0.0-1a415512.bisign"
2023-02-22T17:01:22.985295Z DEBUG ThreadId(01) signing "P:\\arma\\Synixe Contractors\\synixe_tweaks\\.hemttout\\release\\addons\\synixe_safe_grenades.pbo.synixe_5.0.0-1a415512.bisign"
2023-02-22T17:01:22.988545Z DEBUG ThreadId(01) signing "P:\\arma\\Synixe Contractors\\synixe_tweaks\\.hemttout\\release\\addons\\synixe_shootingrange.pbo.synixe_5.0.0-1a415512.bisign"
2023-02-22T17:01:22.992952Z DEBUG ThreadId(01) signing "P:\\arma\\Synixe Contractors\\synixe_tweaks\\.hemttout\\release\\addons\\synixe_spectator.pbo.synixe_5.0.0-1a415512.bisign"
2023-02-22T17:01:22.995197Z DEBUG ThreadId(01) signing "P:\\arma\\Synixe Contractors\\synixe_tweaks\\.hemttout\\release\\addons\\synixe_tagging.pbo.synixe_5.0.0-1a415512.bisign"
2023-02-22T17:01:22.997340Z DEBUG ThreadId(01) signing "P:\\arma\\Synixe Contractors\\synixe_tweaks\\.hemttout\\release\\addons\\synixe_teams.pbo.synixe_5.0.0-1a415512.bisign"
2023-02-22T17:01:22.999743Z DEBUG ThreadId(01) signing "P:\\arma\\Synixe Contractors\\synixe_tweaks\\.hemttout\\release\\addons\\synixe_uav.pbo.synixe_5.0.0-1a415512.bisign"
2023-02-22T17:01:23.001970Z DEBUG ThreadId(01) signing "P:\\arma\\Synixe Contractors\\synixe_tweaks\\.hemttout\\release\\addons\\synixe_vanilla_acre_racks.pbo.synixe_5.0.0-1a415512.bisign"
2023-02-22T17:01:23.003730Z TRACE ThreadId(01) phase: pre_release (Sign) (done)
2023-02-22T17:01:23.003735Z TRACE ThreadId(01) phase: pre_release (sqf) (start)
2023-02-22T17:01:23.003738Z TRACE ThreadId(01) phase: pre_release (sqf) (done)
2023-02-22T17:01:23.003741Z TRACE ThreadId(01) phase: pre_release (Rapifier) (start)
2023-02-22T17:01:23.003744Z TRACE ThreadId(01) phase: pre_release (Rapifier) (done)
2023-02-22T17:01:23.003747Z TRACE ThreadId(01) phase: pre_release (Binarize) (start)
2023-02-22T17:01:23.003749Z TRACE ThreadId(01) phase: pre_release (Binarize) (done)
2023-02-22T17:01:23.003752Z TRACE ThreadId(01) phase: pre_release (Hooks) (start)
2023-02-22T17:01:23.003755Z TRACE ThreadId(01) phase: pre_release (Hooks) (done)
2023-02-22T17:01:23.003757Z TRACE ThreadId(01) phase: pre_release (ArmaScriptCompiler) (start)
2023-02-22T17:01:23.003760Z TRACE ThreadId(01) phase: pre_release (ArmaScriptCompiler) (done)
2023-02-22T17:01:23.003763Z TRACE ThreadId(01) phase: pre_release (Files) (start)
2023-02-22T17:01:23.003765Z TRACE ThreadId(01) phase: pre_release (Files) (done)
2023-02-22T17:01:23.003768Z TRACE ThreadId(01) phase: pre_release (done)
2023-02-22T17:01:23.003771Z TRACE ThreadId(01) phase: release (start)
2023-02-22T17:01:23.003778Z TRACE ThreadId(01) using releases folder: "P:\\arma\\Synixe Contractors\\synixe_tweaks\\releases"
2023-02-22T17:01:23.003813Z DEBUG ThreadId(01) creating release at "P:\\arma\\Synixe Contractors\\synixe_tweaks\\releases\\Synixe-latest.zip"
2023-02-22T17:01:23.004123Z DEBUG ThreadId(01) zip: creating directory "@synixe/addons"
2023-02-22T17:01:23.004215Z DEBUG ThreadId(01) zip: adding file "@synixe/addons/synixe_ace_ballistics.pbo"
2023-02-22T17:01:23.004578Z DEBUG ThreadId(01) zip: adding file "@synixe/addons/synixe_ace_ballistics.pbo.synixe_5.0.0-1a415512.bisign"
2023-02-22T17:01:23.004743Z DEBUG ThreadId(01) zip: adding file "@synixe/addons/synixe_ace_hearing.pbo"
2023-02-22T17:01:23.005233Z DEBUG ThreadId(01) zip: adding file "@synixe/addons/synixe_ace_hearing.pbo.synixe_5.0.0-1a415512.bisign"
2023-02-22T17:01:23.005384Z DEBUG ThreadId(01) zip: adding file "@synixe/addons/synixe_acre.pbo"
2023-02-22T17:01:23.005514Z DEBUG ThreadId(01) zip: adding file "@synixe/addons/synixe_acre.pbo.synixe_5.0.0-1a415512.bisign"
2023-02-22T17:01:23.005610Z DEBUG ThreadId(01) zip: adding file "@synixe/addons/synixe_arsenal.pbo"
2023-02-22T17:01:23.006019Z DEBUG ThreadId(01) zip: adding file "@synixe/addons/synixe_arsenal.pbo.synixe_5.0.0-1a415512.bisign"
2023-02-22T17:01:23.006141Z DEBUG ThreadId(01) zip: adding file "@synixe/addons/synixe_axe.pbo"
2023-02-22T17:01:23.018977Z DEBUG ThreadId(01) zip: adding file "@synixe/addons/synixe_axe.pbo.synixe_5.0.0-1a415512.bisign"
2023-02-22T17:01:23.019189Z DEBUG ThreadId(01) zip: adding file "@synixe/addons/synixe_base.pbo"
2023-02-22T17:01:23.019349Z DEBUG ThreadId(01) zip: adding file "@synixe/addons/synixe_base.pbo.synixe_5.0.0-1a415512.bisign"
2023-02-22T17:01:23.019491Z DEBUG ThreadId(01) zip: adding file "@synixe/addons/synixe_bodybag.pbo"
2023-02-22T17:01:23.019702Z DEBUG ThreadId(01) zip: adding file "@synixe/addons/synixe_bodybag.pbo.synixe_5.0.0-1a415512.bisign"
2023-02-22T17:01:23.019806Z DEBUG ThreadId(01) zip: adding file "@synixe/addons/synixe_camshake.pbo"
2023-02-22T17:01:23.020144Z DEBUG ThreadId(01) zip: adding file "@synixe/addons/synixe_camshake.pbo.synixe_5.0.0-1a415512.bisign"
2023-02-22T17:01:23.020252Z DEBUG ThreadId(01) zip: adding file "@synixe/addons/synixe_common.pbo"
2023-02-22T17:01:23.020672Z DEBUG ThreadId(01) zip: adding file "@synixe/addons/synixe_common.pbo.synixe_5.0.0-1a415512.bisign"
2023-02-22T17:01:23.020792Z DEBUG ThreadId(01) zip: adding file "@synixe/addons/synixe_cup_hide_duplicates.pbo"
2023-02-22T17:01:23.020922Z DEBUG ThreadId(01) zip: adding file "@synixe/addons/synixe_cup_hide_duplicates.pbo.synixe_5.0.0-1a415512.bisign"
2023-02-22T17:01:23.021016Z DEBUG ThreadId(01) zip: adding file "@synixe/addons/synixe_cup_units_nouniformrestrictions.pbo"
2023-02-22T17:01:23.021135Z DEBUG ThreadId(01) zip: adding file "@synixe/addons/synixe_cup_units_nouniformrestrictions.pbo.synixe_5.0.0-1a415512.bisign"
2023-02-22T17:01:23.021228Z DEBUG ThreadId(01) zip: adding file "@synixe/addons/synixe_cup_vehicles_acre_racks.pbo"
2023-02-22T17:01:23.021340Z DEBUG ThreadId(01) zip: adding file "@synixe/addons/synixe_cup_vehicles_acre_racks.pbo.synixe_5.0.0-1a415512.bisign"
2023-02-22T17:01:23.021430Z DEBUG ThreadId(01) zip: adding file "@synixe/addons/synixe_difficulty.pbo"
2023-02-22T17:01:23.021552Z DEBUG ThreadId(01) zip: adding file "@synixe/addons/synixe_difficulty.pbo.synixe_5.0.0-1a415512.bisign"
2023-02-22T17:01:23.021645Z DEBUG ThreadId(01) zip: adding file "@synixe/addons/synixe_fatigue.pbo"
2023-02-22T17:01:23.021745Z DEBUG ThreadId(01) zip: adding file "@synixe/addons/synixe_fatigue.pbo.synixe_5.0.0-1a415512.bisign"
2023-02-22T17:01:23.021832Z DEBUG ThreadId(01) zip: adding file "@synixe/addons/synixe_gunner.pbo"
2023-02-22T17:01:23.021995Z DEBUG ThreadId(01) zip: adding file "@synixe/addons/synixe_gunner.pbo.synixe_5.0.0-1a415512.bisign"
2023-02-22T17:01:23.022089Z DEBUG ThreadId(01) zip: adding file "@synixe/addons/synixe_insignia.pbo"
2023-02-22T17:01:23.082015Z DEBUG ThreadId(01) zip: adding file "@synixe/addons/synixe_insignia.pbo.synixe_5.0.0-1a415512.bisign"
2023-02-22T17:01:23.082312Z DEBUG ThreadId(01) zip: adding file "@synixe/addons/synixe_main.pbo"
2023-02-22T17:01:23.084058Z DEBUG ThreadId(01) zip: adding file "@synixe/addons/synixe_main.pbo.synixe_5.0.0-1a415512.bisign"
2023-02-22T17:01:23.084254Z DEBUG ThreadId(01) zip: adding file "@synixe/addons/synixe_medical.pbo"
2023-02-22T17:01:23.085563Z DEBUG ThreadId(01) zip: adding file "@synixe/addons/synixe_medical.pbo.synixe_5.0.0-1a415512.bisign"
2023-02-22T17:01:23.085714Z DEBUG ThreadId(01) zip: adding file "@synixe/addons/synixe_rejoin.pbo"
2023-02-22T17:01:23.085844Z DEBUG ThreadId(01) zip: adding file "@synixe/addons/synixe_rejoin.pbo.synixe_5.0.0-1a415512.bisign"
2023-02-22T17:01:23.085939Z DEBUG ThreadId(01) zip: adding file "@synixe/addons/synixe_safe_grenades.pbo"
2023-02-22T17:01:23.086088Z DEBUG ThreadId(01) zip: adding file "@synixe/addons/synixe_safe_grenades.pbo.synixe_5.0.0-1a415512.bisign"
2023-02-22T17:01:23.086181Z DEBUG ThreadId(01) zip: adding file "@synixe/addons/synixe_shootingrange.pbo"
2023-02-22T17:01:23.088346Z DEBUG ThreadId(01) zip: adding file "@synixe/addons/synixe_shootingrange.pbo.synixe_5.0.0-1a415512.bisign"
2023-02-22T17:01:23.088523Z DEBUG ThreadId(01) zip: adding file "@synixe/addons/synixe_spectator.pbo"
2023-02-22T17:01:23.088965Z DEBUG ThreadId(01) zip: adding file "@synixe/addons/synixe_spectator.pbo.synixe_5.0.0-1a415512.bisign"
2023-02-22T17:01:23.089083Z DEBUG ThreadId(01) zip: adding file "@synixe/addons/synixe_tagging.pbo"
2023-02-22T17:01:23.089189Z DEBUG ThreadId(01) zip: adding file "@synixe/addons/synixe_tagging.pbo.synixe_5.0.0-1a415512.bisign"
2023-02-22T17:01:23.089277Z DEBUG ThreadId(01) zip: adding file "@synixe/addons/synixe_teams.pbo"
2023-02-22T17:01:23.089411Z DEBUG ThreadId(01) zip: adding file "@synixe/addons/synixe_teams.pbo.synixe_5.0.0-1a415512.bisign"
2023-02-22T17:01:23.089503Z DEBUG ThreadId(01) zip: adding file "@synixe/addons/synixe_uav.pbo"
2023-02-22T17:01:23.089756Z DEBUG ThreadId(01) zip: adding file "@synixe/addons/synixe_uav.pbo.synixe_5.0.0-1a415512.bisign"
2023-02-22T17:01:23.089854Z DEBUG ThreadId(01) zip: adding file "@synixe/addons/synixe_vanilla_acre_racks.pbo"
2023-02-22T17:01:23.089975Z DEBUG ThreadId(01) zip: adding file "@synixe/addons/synixe_vanilla_acre_racks.pbo.synixe_5.0.0-1a415512.bisign"
2023-02-22T17:01:23.090108Z DEBUG ThreadId(01) zip: creating directory "@synixe/keys"
2023-02-22T17:01:23.090192Z DEBUG ThreadId(01) zip: adding file "@synixe/keys/synixe_5.0.0-1a415512.bikey"
2023-02-22T17:01:23.090282Z DEBUG ThreadId(01) zip: adding file "@synixe/LICENSE"
2023-02-22T17:01:23.091258Z DEBUG ThreadId(01) zip: adding file "@synixe/logo_ca.paa"
2023-02-22T17:01:23.092945Z DEBUG ThreadId(01) zip: adding file "@synixe/mod.cpp"
2023-02-22T17:01:23.093108Z DEBUG ThreadId(01) zip: adding file "@synixe/synixe_x64.dll"
2023-02-22T17:01:23.149973Z  INFO ThreadId(01) Created release: P:\arma\Synixe Contractors\synixe_tweaks\releases\Synixe-latest.zip
2023-02-22T17:01:23.150061Z  INFO ThreadId(01) Created release: P:\arma\Synixe Contractors\synixe_tweaks\releases\Synixe-5.0.0-1a415512.zip
2023-02-22T17:01:23.150934Z TRACE ThreadId(01) phase: release (done)
2023-02-22T17:01:23.150942Z TRACE ThreadId(01) phase: post_release (start)
2023-02-22T17:01:23.150945Z TRACE ThreadId(01) phase: post_release (Sign) (start)
2023-02-22T17:01:23.150948Z TRACE ThreadId(01) phase: post_release (Sign) (done)
2023-02-22T17:01:23.150951Z TRACE ThreadId(01) phase: post_release (sqf) (start)
2023-02-22T17:01:23.150954Z TRACE ThreadId(01) phase: post_release (sqf) (done)
2023-02-22T17:01:23.150957Z TRACE ThreadId(01) phase: post_release (Rapifier) (start)
2023-02-22T17:01:23.150959Z TRACE ThreadId(01) phase: post_release (Rapifier) (done)
2023-02-22T17:01:23.150962Z TRACE ThreadId(01) phase: post_release (Binarize) (start)
2023-02-22T17:01:23.150965Z TRACE ThreadId(01) phase: post_release (Binarize) (done)
2023-02-22T17:01:23.150967Z TRACE ThreadId(01) phase: post_release (Hooks) (start)
2023-02-22T17:01:23.150970Z TRACE ThreadId(01) phase: post_release (Hooks) (done)
2023-02-22T17:01:23.150973Z TRACE ThreadId(01) phase: post_release (ArmaScriptCompiler) (start)
2023-02-22T17:01:23.150976Z TRACE ThreadId(01) phase: post_release (ArmaScriptCompiler) (done)
2023-02-22T17:01:23.150979Z TRACE ThreadId(01) phase: post_release (Files) (start)
2023-02-22T17:01:23.150981Z TRACE ThreadId(01) phase: post_release (Files) (done)
2023-02-22T17:01:23.150987Z TRACE ThreadId(01) phase: post_release (done)
